#
# There is insufficient memory for the Java Runtime Environment to continue.
# Native memory allocation (malloc) failed to allocate 2125456 bytes for Chunk::new
# Possible reasons:
#   The system is out of physical RAM or swap space
#   The process is running with CompressedOops enabled, and the Java Heap may be blocking the growth of the native heap
# Possible solutions:
#   Reduce memory load on the system
#   Increase physical memory or swap space
#   Check if swap backing store is full
#   Decrease Java heap size (-Xmx/-Xms)
#   Decrease number of Java threads
#   Decrease Java thread stack sizes (-Xss)
#   Set larger code cache with -XX:ReservedCodeCacheSize=
#   JVM is running with Unscaled Compressed Oops mode in which the Java heap is
#     placed in the first 4GB address space. The Java Heap base address is the
#     maximum limit for the native heap growth. Please use -XX:HeapBaseMinAddress
#     to set the Java Heap base and to place the Java Heap above 4GB virtual address.
# This output file may be truncated or incomplete.
#
#  Out of Memory Error (./src/hotspot/share/memory/arena.cpp:197), pid=15912, tid=11000
#
# JRE version: OpenJDK Runtime Environment (11.0.11+9) (build 11.0.11+9-b60-7590822)
# Java VM: OpenJDK 64-Bit Server VM (11.0.11+9-b60-7590822, mixed mode, tiered, compressed oops, g1 gc, windows-amd64)
# No core dump will be written. Minidumps are not enabled by default on client versions of Windows
#

---------------  S U M M A R Y ------------

Command Line: --add-opens=java.base/java.util=ALL-UNNAMED --add-opens=java.base/java.lang=ALL-UNNAMED --add-opens=java.base/java.lang.invoke=ALL-UNNAMED --add-opens=java.base/java.util=ALL-UNNAMED --add-opens=java.prefs/java.util.prefs=ALL-UNNAMED --add-opens=java.prefs/java.util.prefs=ALL-UNNAMED --add-opens=java.base/java.nio.charset=ALL-UNNAMED --add-opens=java.base/java.net=ALL-UNNAMED --add-opens=java.base/java.util.concurrent.atomic=ALL-UNNAMED -Xmx2048m -Dfile.encoding=UTF-8 -Duser.country=PT -Duser.language=pt -Duser.variant org.gradle.launcher.daemon.bootstrap.GradleDaemon 7.0.2

Host: Intel(R) Core(TM) i3-1005G1 CPU @ 1.20GHz, 4 cores, 3G,  Windows 10 , 64 bit Build 19041 (10.0.19041.1503)
Time: Tue Feb 22 18:46:14 2022 Hora padrão da Finlândia elapsed time: 14.429030 seconds (0d 0h 0m 14s)

---------------  T H R E A D  ---------------

Current thread (0x00000159c088d800):  JavaThread "C2 CompilerThread0" daemon [_thread_in_native, id=11000, stack(0x0000004745e00000,0x0000004745f00000)]


Current CompileTask:
C2:  14429 5110       4       java.util.Arrays::binarySearch0 (95 bytes)

Stack: [0x0000004745e00000,0x0000004745f00000]
Native frames: (J=compiled Java code, j=interpreted, Vv=VM code, C=native code)
V  [jvm.dll+0x5f214a]
V  [jvm.dll+0x726fb5]
V  [jvm.dll+0x7285cd]
V  [jvm.dll+0x728c83]
V  [jvm.dll+0x243278]
V  [jvm.dll+0xbc53c]
V  [jvm.dll+0xbca3c]
V  [jvm.dll+0x353e7d]
V  [jvm.dll+0x321893]
V  [jvm.dll+0x320d8a]
V  [jvm.dll+0x1fc1e2]
V  [jvm.dll+0x1fb3d4]
V  [jvm.dll+0x183d6c]
V  [jvm.dll+0x209a57]
V  [jvm.dll+0x2082a1]
V  [jvm.dll+0x6ef58f]
V  [jvm.dll+0x6e80b5]
V  [jvm.dll+0x5f1036]
C  [ucrtbase.dll+0x21bb2]
C  [KERNEL32.DLL+0x17034]
C  [ntdll.dll+0x52651]


---------------  P R O C E S S  ---------------

Threads class SMR info:
_java_thread_list=0x00000159c590f5a0, length=36, elements={
0x00000159a6c82800, 0x00000159c081d000, 0x00000159c0828800, 0x00000159c087e800,
0x00000159c0882000, 0x00000159c0883000, 0x00000159c088d800, 0x00000159c0896000,
0x00000159c0897000, 0x00000159c1326000, 0x00000159c1dbf800, 0x00000159c35d7000,
0x00000159c2a62000, 0x00000159c2980800, 0x00000159c2859800, 0x00000159c1e9c000,
0x00000159c1e9c800, 0x00000159c1e9d800, 0x00000159c1e46800, 0x00000159c25f7800,
0x00000159c25f2800, 0x00000159c25f7000, 0x00000159c25f3800, 0x00000159c25f2000,
0x00000159c25f4800, 0x00000159c25f8800, 0x00000159c25f5000, 0x00000159c25f6000,
0x00000159c39a8000, 0x00000159c39ab000, 0x00000159c39a8800, 0x00000159c39aa800,
0x00000159c39ac000, 0x00000159c39ac800, 0x00000159c39ae800, 0x00000159c39a9800
}

Java Threads: ( => current thread )
  0x00000159a6c82800 JavaThread "main" [_thread_blocked, id=10048, stack(0x0000004745200000,0x0000004745300000)]
  0x00000159c081d000 JavaThread "Reference Handler" daemon [_thread_blocked, id=9084, stack(0x0000004745900000,0x0000004745a00000)]
  0x00000159c0828800 JavaThread "Finalizer" daemon [_thread_blocked, id=3544, stack(0x0000004745a00000,0x0000004745b00000)]
  0x00000159c087e800 JavaThread "Signal Dispatcher" daemon [_thread_blocked, id=3400, stack(0x0000004745b00000,0x0000004745c00000)]
  0x00000159c0882000 JavaThread "Attach Listener" daemon [_thread_blocked, id=7596, stack(0x0000004745c00000,0x0000004745d00000)]
  0x00000159c0883000 JavaThread "Service Thread" daemon [_thread_blocked, id=11304, stack(0x0000004745d00000,0x0000004745e00000)]
=>0x00000159c088d800 JavaThread "C2 CompilerThread0" daemon [_thread_in_native, id=11000, stack(0x0000004745e00000,0x0000004745f00000)]
  0x00000159c0896000 JavaThread "C1 CompilerThread0" daemon [_thread_blocked, id=3092, stack(0x0000004745f00000,0x0000004746000000)]
  0x00000159c0897000 JavaThread "Sweeper thread" daemon [_thread_blocked, id=2892, stack(0x0000004746000000,0x0000004746100000)]
  0x00000159c1326000 JavaThread "Common-Cleaner" daemon [_thread_blocked, id=13296, stack(0x0000004746100000,0x0000004746200000)]
  0x00000159c1dbf800 JavaThread "Daemon health stats" [_thread_blocked, id=15396, stack(0x0000004746400000,0x0000004746500000)]
  0x00000159c35d7000 JavaThread "Incoming local TCP Connector on port 63445" [_thread_in_native, id=15252, stack(0x0000004746500000,0x0000004746600000)]
  0x00000159c2a62000 JavaThread "Daemon periodic checks" [_thread_blocked, id=11904, stack(0x0000004746600000,0x0000004746700000)]
  0x00000159c2980800 JavaThread "Daemon" [_thread_blocked, id=13300, stack(0x0000004746700000,0x0000004746800000)]
  0x00000159c2859800 JavaThread "Handler for socket connection from /127.0.0.1:63445 to /127.0.0.1:63446" [_thread_in_native, id=14140, stack(0x0000004746800000,0x0000004746900000)]
  0x00000159c1e9c000 JavaThread "Cancel handler" [_thread_blocked, id=9700, stack(0x0000004746900000,0x0000004746a00000)]
  0x00000159c1e9c800 JavaThread "Daemon worker" [_thread_blocked, id=8048, stack(0x0000004746a00000,0x0000004746b00000)]
  0x00000159c1e9d800 JavaThread "Asynchronous log dispatcher for DefaultDaemonConnection: socket connection from /127.0.0.1:63445 to /127.0.0.1:63446" [_thread_blocked, id=3520, stack(0x0000004746b00000,0x0000004746c00000)]
  0x00000159c1e46800 JavaThread "Stdin handler" [_thread_blocked, id=8680, stack(0x0000004746c00000,0x0000004746d00000)]
  0x00000159c25f7800 JavaThread "Daemon client event forwarder" [_thread_blocked, id=6172, stack(0x0000004746d00000,0x0000004746e00000)]
  0x00000159c25f2800 JavaThread "Cache worker for file hash cache (C:\Users\serge\.gradle\caches\7.0.2\fileHashes)" [_thread_blocked, id=2464, stack(0x0000004747000000,0x0000004747100000)]
  0x00000159c25f7000 JavaThread "File lock request listener" [_thread_in_native, id=10976, stack(0x0000004747100000,0x0000004747200000)]
  0x00000159c25f3800 JavaThread "Cache worker for journal cache (C:\Users\serge\.gradle\caches\journal-1)" [_thread_blocked, id=10420, stack(0x0000004747200000,0x0000004747300000)]
  0x00000159c25f2000 JavaThread "Cache worker for file hash cache (C:\Users\serge\AndroidStudioProjects\Homework3\.gradle\7.0.2\fileHashes)" [_thread_blocked, id=11716, stack(0x0000004747300000,0x0000004747400000)]
  0x00000159c25f4800 JavaThread "File watcher server" daemon [_thread_in_native, id=14688, stack(0x0000004747400000,0x0000004747500000)]
  0x00000159c25f8800 JavaThread "File watcher consumer" daemon [_thread_blocked, id=6316, stack(0x0000004747500000,0x0000004747600000)]
  0x00000159c25f5000 JavaThread "jar transforms" [_thread_blocked, id=9020, stack(0x0000004747600000,0x0000004747700000)]
  0x00000159c25f6000 JavaThread "jar transforms Thread 2" [_thread_blocked, id=13396, stack(0x0000004747700000,0x0000004747800000)]
  0x00000159c39a8000 JavaThread "jar transforms Thread 3" [_thread_blocked, id=9704, stack(0x0000004747800000,0x0000004747900000)]
  0x00000159c39ab000 JavaThread "jar transforms Thread 4" [_thread_blocked, id=9452, stack(0x0000004747900000,0x0000004747a00000)]
  0x00000159c39a8800 JavaThread "Cache worker for checksums cache (C:\Users\serge\AndroidStudioProjects\Homework3\.gradle\checksums)" [_thread_blocked, id=2524, stack(0x0000004747a00000,0x0000004747b00000)]
  0x00000159c39aa800 JavaThread "Cache worker for cache directory md-supplier (C:\Users\serge\.gradle\caches\7.0.2\md-supplier)" [_thread_blocked, id=10856, stack(0x0000004747b00000,0x0000004747c00000)]
  0x00000159c39ac000 JavaThread "Cache worker for cache directory md-rule (C:\Users\serge\.gradle\caches\7.0.2\md-rule)" [_thread_blocked, id=11152, stack(0x0000004747c00000,0x0000004747d00000)]
  0x00000159c39ac800 JavaThread "Cache worker for execution history cache (C:\Users\serge\.gradle\caches\7.0.2\executionHistory)" [_thread_blocked, id=4556, stack(0x0000004747d00000,0x0000004747e00000)]
  0x00000159c39ae800 JavaThread "Cache worker for file content cache (C:\Users\serge\.gradle\caches\7.0.2\fileContent)" [_thread_blocked, id=1900, stack(0x0000004747e00000,0x0000004747f00000)]
  0x00000159c39a9800 JavaThread "Cache worker for dependencies-accessors (C:\Users\serge\AndroidStudioProjects\Homework3\.gradle\7.0.2\dependencies-accessors)" [_thread_blocked, id=8984, stack(0x0000004747f00000,0x0000004748000000)]

Other Threads:
  0x00000159c081b000 VMThread "VM Thread" [stack: 0x0000004745800000,0x0000004745900000] [id=8272]
  0x00000159c1377000 WatcherThread [stack: 0x0000004746200000,0x0000004746300000] [id=3336]
  0x00000159a6c9c000 GCTaskThread "GC Thread#0" [stack: 0x0000004745300000,0x0000004745400000] [id=11412]
  0x00000159c15c0000 GCTaskThread "GC Thread#1" [stack: 0x0000004746300000,0x0000004746400000] [id=11584]
  0x00000159c22fe800 GCTaskThread "GC Thread#2" [stack: 0x0000004746e00000,0x0000004746f00000] [id=11868]
  0x00000159c3577800 GCTaskThread "GC Thread#3" [stack: 0x0000004746f00000,0x0000004747000000] [id=8836]
  0x00000159a6ccd800 ConcurrentGCThread "G1 Main Marker" [stack: 0x0000004745400000,0x0000004745500000] [id=3064]
  0x00000159a6cd3000 ConcurrentGCThread "G1 Conc#0" [stack: 0x0000004745500000,0x0000004745600000] [id=3640]
  0x00000159a6d19800 ConcurrentGCThread "G1 Refine#0" [stack: 0x0000004745600000,0x0000004745700000] [id=8732]
  0x00000159a6d1a800 ConcurrentGCThread "G1 Young RemSet Sampling" [stack: 0x0000004745700000,0x0000004745800000] [id=10664]

Threads with active compile tasks:
C2 CompilerThread0  14513 5110       4       java.util.Arrays::binarySearch0 (95 bytes)

VM state:at safepoint (normal execution)

VM Mutex/Monitor currently owned by a thread:  ([mutex/lock_event])
[0x00000159a6c7f180] Threads_lock - owner thread: 0x00000159c081b000
[0x00000159a6c7e9a0] Heap_lock - owner thread: 0x00000159c1e9c800

Heap address: 0x0000000080000000, size: 2048 MB, Compressed Oops mode: 32-bit
Narrow klass base: 0x0000000000000000, Narrow klass shift: 3
Compressed class space size: 1073741824 Address: 0x0000000100000000

Heap:
 garbage-first heap   total 150528K, used 54117K [0x0000000080000000, 0x0000000100000000)
  region size 1024K, 3 young (3072K), 3 survivors (3072K)
 Metaspace       used 51381K, capacity 52873K, committed 52992K, reserved 1095680K
  class space    used 6545K, capacity 7083K, committed 7168K, reserved 1048576K
Heap Regions: E=young(eden), S=young(survivor), O=old, HS=humongous(starts), HC=humongous(continues), CS=collection set, F=free, A=archive, TAMS=top-at-mark-start (previous, next)
|   0|0x0000000080000000, 0x0000000080100000, 0x0000000080100000|100%| O|  |TAMS 0x0000000080100000, 0x0000000080100000| Untracked 
|   1|0x0000000080100000, 0x0000000080200000, 0x0000000080200000|100%| O|  |TAMS 0x0000000080200000, 0x0000000080200000| Untracked 
|   2|0x0000000080200000, 0x0000000080300000, 0x0000000080300000|100%| O|  |TAMS 0x0000000080300000, 0x0000000080300000| Untracked 
|   3|0x0000000080300000, 0x0000000080400000, 0x0000000080400000|100%|HS|  |TAMS 0x0000000080400000, 0x0000000080400000| Complete 
|   4|0x0000000080400000, 0x0000000080500000, 0x0000000080500000|100%|HC|  |TAMS 0x0000000080500000, 0x0000000080500000| Complete 
|   5|0x0000000080500000, 0x0000000080600000, 0x0000000080600000|100%|HC|  |TAMS 0x0000000080600000, 0x0000000080600000| Complete 
|   6|0x0000000080600000, 0x0000000080700000, 0x0000000080700000|100%| O|  |TAMS 0x0000000080700000, 0x0000000080700000| Untracked 
|   7|0x0000000080700000, 0x0000000080800000, 0x0000000080800000|100%| O|  |TAMS 0x0000000080800000, 0x0000000080800000| Untracked 
|   8|0x0000000080800000, 0x0000000080900000, 0x0000000080900000|100%| O|  |TAMS 0x0000000080900000, 0x0000000080900000| Untracked 
|   9|0x0000000080900000, 0x0000000080a00000, 0x0000000080a00000|100%| O|  |TAMS 0x0000000080a00000, 0x0000000080a00000| Untracked 
|  10|0x0000000080a00000, 0x0000000080b00000, 0x0000000080b00000|100%| O|  |TAMS 0x0000000080b00000, 0x0000000080b00000| Untracked 
|  11|0x0000000080b00000, 0x0000000080c00000, 0x0000000080c00000|100%| O|  |TAMS 0x0000000080c00000, 0x0000000080c00000| Untracked 
|  12|0x0000000080c00000, 0x0000000080d00000, 0x0000000080d00000|100%| O|  |TAMS 0x0000000080d00000, 0x0000000080d00000| Untracked 
|  13|0x0000000080d00000, 0x0000000080e00000, 0x0000000080e00000|100%| O|  |TAMS 0x0000000080e00000, 0x0000000080e00000| Untracked 
|  14|0x0000000080e00000, 0x0000000080f00000, 0x0000000080f00000|100%| O|  |TAMS 0x0000000080f00000, 0x0000000080f00000| Untracked 
|  15|0x0000000080f00000, 0x0000000081000000, 0x0000000081000000|100%| O|  |TAMS 0x0000000081000000, 0x0000000081000000| Untracked 
|  16|0x0000000081000000, 0x0000000081100000, 0x0000000081100000|100%|HS|  |TAMS 0x0000000081100000, 0x0000000081100000| Complete 
|  17|0x0000000081100000, 0x0000000081200000, 0x0000000081200000|100%|HC|  |TAMS 0x0000000081200000, 0x0000000081200000| Complete 
|  18|0x0000000081200000, 0x0000000081300000, 0x0000000081300000|100%|HS|  |TAMS 0x0000000081300000, 0x0000000081300000| Complete 
|  19|0x0000000081300000, 0x0000000081400000, 0x0000000081400000|100%|HC|  |TAMS 0x0000000081400000, 0x0000000081400000| Complete 
|  20|0x0000000081400000, 0x0000000081500000, 0x0000000081500000|100%|HC|  |TAMS 0x0000000081500000, 0x0000000081500000| Complete 
|  21|0x0000000081500000, 0x0000000081600000, 0x0000000081600000|100%|HS|  |TAMS 0x0000000081600000, 0x0000000081600000| Complete 
|  22|0x0000000081600000, 0x0000000081700000, 0x0000000081700000|100%|HC|  |TAMS 0x0000000081700000, 0x0000000081700000| Complete 
|  23|0x0000000081700000, 0x0000000081800000, 0x0000000081800000|100%|HC|  |TAMS 0x0000000081800000, 0x0000000081800000| Complete 
|  24|0x0000000081800000, 0x0000000081900000, 0x0000000081900000|100%|HC|  |TAMS 0x0000000081900000, 0x0000000081900000| Complete 
|  25|0x0000000081900000, 0x0000000081a00000, 0x0000000081a00000|100%| O|  |TAMS 0x0000000081a00000, 0x0000000081a00000| Untracked 
|  26|0x0000000081a00000, 0x0000000081b00000, 0x0000000081b00000|100%| O|  |TAMS 0x0000000081b00000, 0x0000000081b00000| Untracked 
|  27|0x0000000081b00000, 0x0000000081c00000, 0x0000000081c00000|100%| O|  |TAMS 0x0000000081c00000, 0x0000000081c00000| Untracked 
|  28|0x0000000081c00000, 0x0000000081d00000, 0x0000000081d00000|100%| O|  |TAMS 0x0000000081d00000, 0x0000000081d00000| Untracked 
|  29|0x0000000081d00000, 0x0000000081e00000, 0x0000000081e00000|100%| O|  |TAMS 0x0000000081e00000, 0x0000000081e00000| Untracked 
|  30|0x0000000081e00000, 0x0000000081f00000, 0x0000000081f00000|100%| O|  |TAMS 0x0000000081f00000, 0x0000000081f00000| Untracked 
|  31|0x0000000081f00000, 0x0000000082000000, 0x0000000082000000|100%| O|  |TAMS 0x0000000082000000, 0x0000000082000000| Untracked 
|  32|0x0000000082000000, 0x0000000082100000, 0x0000000082100000|100%| O|  |TAMS 0x0000000082100000, 0x0000000082100000| Untracked 
|  33|0x0000000082100000, 0x0000000082200000, 0x0000000082200000|100%| O|  |TAMS 0x0000000082200000, 0x0000000082200000| Untracked 
|  34|0x0000000082200000, 0x0000000082300000, 0x0000000082300000|100%| O|  |TAMS 0x0000000082300000, 0x0000000082300000| Untracked 
|  35|0x0000000082300000, 0x0000000082400000, 0x0000000082400000|100%| O|  |TAMS 0x0000000082400000, 0x0000000082400000| Untracked 
|  36|0x0000000082400000, 0x0000000082500000, 0x0000000082500000|100%| O|  |TAMS 0x0000000082500000, 0x0000000082500000| Untracked 
|  37|0x0000000082500000, 0x0000000082600000, 0x0000000082600000|100%| O|  |TAMS 0x0000000082600000, 0x0000000082600000| Untracked 
|  38|0x0000000082600000, 0x0000000082700000, 0x0000000082700000|100%| O|  |TAMS 0x0000000082700000, 0x0000000082700000| Untracked 
|  39|0x0000000082700000, 0x0000000082800000, 0x0000000082800000|100%| O|  |TAMS 0x0000000082800000, 0x0000000082800000| Untracked 
|  40|0x0000000082800000, 0x0000000082900000, 0x0000000082900000|100%| O|  |TAMS 0x0000000082900000, 0x0000000082900000| Untracked 
|  41|0x0000000082900000, 0x0000000082a00000, 0x0000000082a00000|100%| O|  |TAMS 0x0000000082a00000, 0x0000000082a00000| Untracked 
|  42|0x0000000082a00000, 0x0000000082b00000, 0x0000000082b00000|100%| O|  |TAMS 0x0000000082b00000, 0x0000000082b00000| Untracked 
|  43|0x0000000082b00000, 0x0000000082c00000, 0x0000000082c00000|100%|HS|  |TAMS 0x0000000082c00000, 0x0000000082c00000| Complete 
|  44|0x0000000082c00000, 0x0000000082d00000, 0x0000000082d00000|100%|HC|  |TAMS 0x0000000082d00000, 0x0000000082d00000| Complete 
|  45|0x0000000082d00000, 0x0000000082e00000, 0x0000000082e00000|100%|HC|  |TAMS 0x0000000082e00000, 0x0000000082e00000| Complete 
|  46|0x0000000082e00000, 0x0000000082f00000, 0x0000000082f00000|100%| O|  |TAMS 0x0000000082f00000, 0x0000000082f00000| Untracked 
|  47|0x0000000082f00000, 0x0000000083000000, 0x0000000083000000|100%| O|  |TAMS 0x0000000082f68200, 0x0000000083000000| Untracked 
|  48|0x0000000083000000, 0x0000000083100000, 0x0000000083100000|100%| O|  |TAMS 0x0000000083000000, 0x0000000083100000| Untracked 
|  49|0x0000000083100000, 0x0000000083200000, 0x0000000083200000|100%| O|  |TAMS 0x0000000083100000, 0x0000000083200000| Untracked 
|  50|0x0000000083200000, 0x000000008320c600, 0x0000000083300000|  4%| O|  |TAMS 0x0000000083200000, 0x000000008320c600| Untracked 
|  51|0x0000000083300000, 0x0000000083300000, 0x0000000083400000|  0%| F|  |TAMS 0x0000000083300000, 0x0000000083300000| Untracked 
|  52|0x0000000083400000, 0x0000000083400000, 0x0000000083500000|  0%| F|  |TAMS 0x0000000083400000, 0x0000000083400000| Untracked 
|  53|0x0000000083500000, 0x0000000083500000, 0x0000000083600000|  0%| F|  |TAMS 0x0000000083500000, 0x0000000083500000| Untracked 
|  54|0x0000000083600000, 0x0000000083600000, 0x0000000083700000|  0%| F|  |TAMS 0x0000000083600000, 0x0000000083600000| Untracked 
|  55|0x0000000083700000, 0x0000000083700000, 0x0000000083800000|  0%| F|  |TAMS 0x0000000083700000, 0x0000000083700000| Untracked 
|  56|0x0000000083800000, 0x0000000083800000, 0x0000000083900000|  0%| F|  |TAMS 0x0000000083800000, 0x0000000083800000| Untracked 
|  57|0x0000000083900000, 0x0000000083900000, 0x0000000083a00000|  0%| F|  |TAMS 0x0000000083900000, 0x0000000083900000| Untracked 
|  58|0x0000000083a00000, 0x0000000083a00000, 0x0000000083b00000|  0%| F|  |TAMS 0x0000000083a00000, 0x0000000083a00000| Untracked 
|  59|0x0000000083b00000, 0x0000000083b00000, 0x0000000083c00000|  0%| F|  |TAMS 0x0000000083b00000, 0x0000000083b00000| Untracked 
|  60|0x0000000083c00000, 0x0000000083c00000, 0x0000000083d00000|  0%| F|  |TAMS 0x0000000083c00000, 0x0000000083c00000| Untracked 
|  61|0x0000000083d00000, 0x0000000083d00000, 0x0000000083e00000|  0%| F|  |TAMS 0x0000000083d00000, 0x0000000083d00000| Untracked 
|  62|0x0000000083e00000, 0x0000000083e00000, 0x0000000083f00000|  0%| F|  |TAMS 0x0000000083e00000, 0x0000000083e00000| Untracked 
|  63|0x0000000083f00000, 0x0000000083f00000, 0x0000000084000000|  0%| F|  |TAMS 0x0000000083f00000, 0x0000000083f00000| Untracked 
|  64|0x0000000084000000, 0x0000000084000000, 0x0000000084100000|  0%| F|  |TAMS 0x0000000084000000, 0x0000000084000000| Untracked 
|  65|0x0000000084100000, 0x0000000084100000, 0x0000000084200000|  0%| F|  |TAMS 0x0000000084100000, 0x0000000084100000| Untracked 
|  66|0x0000000084200000, 0x0000000084200000, 0x0000000084300000|  0%| F|  |TAMS 0x0000000084200000, 0x0000000084200000| Untracked 
|  67|0x0000000084300000, 0x0000000084300000, 0x0000000084400000|  0%| F|  |TAMS 0x0000000084300000, 0x0000000084300000| Untracked 
|  68|0x0000000084400000, 0x0000000084400000, 0x0000000084500000|  0%| F|  |TAMS 0x0000000084400000, 0x0000000084400000| Untracked 
|  69|0x0000000084500000, 0x0000000084500000, 0x0000000084600000|  0%| F|  |TAMS 0x0000000084500000, 0x0000000084500000| Untracked 
|  70|0x0000000084600000, 0x0000000084600000, 0x0000000084700000|  0%| F|  |TAMS 0x0000000084600000, 0x0000000084600000| Untracked 
|  71|0x0000000084700000, 0x0000000084700000, 0x0000000084800000|  0%| F|  |TAMS 0x0000000084700000, 0x0000000084700000| Untracked 
|  72|0x0000000084800000, 0x0000000084800000, 0x0000000084900000|  0%| F|  |TAMS 0x0000000084800000, 0x0000000084800000| Untracked 
|  73|0x0000000084900000, 0x0000000084900000, 0x0000000084a00000|  0%| F|  |TAMS 0x0000000084900000, 0x0000000084900000| Untracked 
|  74|0x0000000084a00000, 0x0000000084a00000, 0x0000000084b00000|  0%| F|  |TAMS 0x0000000084a00000, 0x0000000084a00000| Untracked 
|  75|0x0000000084b00000, 0x0000000084b00000, 0x0000000084c00000|  0%| F|  |TAMS 0x0000000084b00000, 0x0000000084b00000| Untracked 
|  76|0x0000000084c00000, 0x0000000084c00000, 0x0000000084d00000|  0%| F|  |TAMS 0x0000000084c00000, 0x0000000084c00000| Untracked 
|  77|0x0000000084d00000, 0x0000000084d00000, 0x0000000084e00000|  0%| F|  |TAMS 0x0000000084d00000, 0x0000000084d00000| Untracked 
|  78|0x0000000084e00000, 0x0000000084e00000, 0x0000000084f00000|  0%| F|  |TAMS 0x0000000084e00000, 0x0000000084e00000| Untracked 
|  79|0x0000000084f00000, 0x0000000084f00000, 0x0000000085000000|  0%| F|  |TAMS 0x0000000084f00000, 0x0000000084f00000| Untracked 
|  80|0x0000000085000000, 0x0000000085000000, 0x0000000085100000|  0%| F|  |TAMS 0x0000000085000000, 0x0000000085000000| Untracked 
|  81|0x0000000085100000, 0x0000000085100000, 0x0000000085200000|  0%| F|  |TAMS 0x0000000085100000, 0x0000000085100000| Untracked 
|  82|0x0000000085200000, 0x0000000085200000, 0x0000000085300000|  0%| F|  |TAMS 0x0000000085200000, 0x0000000085200000| Untracked 
|  83|0x0000000085300000, 0x0000000085300000, 0x0000000085400000|  0%| F|  |TAMS 0x0000000085300000, 0x0000000085300000| Untracked 
|  84|0x0000000085400000, 0x0000000085400000, 0x0000000085500000|  0%| F|  |TAMS 0x0000000085400000, 0x0000000085400000| Untracked 
|  85|0x0000000085500000, 0x0000000085500000, 0x0000000085600000|  0%| F|  |TAMS 0x0000000085500000, 0x0000000085500000| Untracked 
|  86|0x0000000085600000, 0x0000000085600000, 0x0000000085700000|  0%| F|  |TAMS 0x0000000085600000, 0x0000000085600000| Untracked 
|  87|0x0000000085700000, 0x0000000085700000, 0x0000000085800000|  0%| F|  |TAMS 0x0000000085700000, 0x0000000085700000| Untracked 
|  88|0x0000000085800000, 0x0000000085800000, 0x0000000085900000|  0%| F|  |TAMS 0x0000000085800000, 0x0000000085800000| Untracked 
|  89|0x0000000085900000, 0x0000000085900000, 0x0000000085a00000|  0%| F|  |TAMS 0x0000000085900000, 0x0000000085900000| Untracked 
|  90|0x0000000085a00000, 0x0000000085a00000, 0x0000000085b00000|  0%| F|  |TAMS 0x0000000085a00000, 0x0000000085a00000| Untracked 
|  91|0x0000000085b00000, 0x0000000085b00000, 0x0000000085c00000|  0%| F|  |TAMS 0x0000000085b00000, 0x0000000085b00000| Untracked 
|  92|0x0000000085c00000, 0x0000000085c00000, 0x0000000085d00000|  0%| F|  |TAMS 0x0000000085c00000, 0x0000000085c00000| Untracked 
|  93|0x0000000085d00000, 0x0000000085d00000, 0x0000000085e00000|  0%| F|  |TAMS 0x0000000085d00000, 0x0000000085d00000| Untracked 
|  94|0x0000000085e00000, 0x0000000085e00000, 0x0000000085f00000|  0%| F|  |TAMS 0x0000000085e00000, 0x0000000085e00000| Untracked 
|  95|0x0000000085f00000, 0x0000000085fcd1e0, 0x0000000086000000| 80%| S|CS|TAMS 0x0000000085f00000, 0x0000000085f00000| Complete 
|  96|0x0000000086000000, 0x0000000086100000, 0x0000000086100000|100%| S|CS|TAMS 0x0000000086000000, 0x0000000086000000| Complete 
|  97|0x0000000086100000, 0x0000000086200000, 0x0000000086200000|100%| S|CS|TAMS 0x0000000086100000, 0x0000000086100000| Complete 
|  98|0x0000000086200000, 0x0000000086200000, 0x0000000086300000|  0%| F|  |TAMS 0x0000000086200000, 0x0000000086200000| Untracked 
|  99|0x0000000086300000, 0x0000000086300000, 0x0000000086400000|  0%| F|  |TAMS 0x0000000086300000, 0x0000000086300000| Untracked 
| 100|0x0000000086400000, 0x0000000086400000, 0x0000000086500000|  0%| F|  |TAMS 0x0000000086400000, 0x0000000086400000| Untracked 
| 101|0x0000000086500000, 0x0000000086500000, 0x0000000086600000|  0%| F|  |TAMS 0x0000000086500000, 0x0000000086500000| Untracked 
| 102|0x0000000086600000, 0x0000000086600000, 0x0000000086700000|  0%| F|  |TAMS 0x0000000086600000, 0x0000000086600000| Untracked 
| 103|0x0000000086700000, 0x0000000086700000, 0x0000000086800000|  0%| F|  |TAMS 0x0000000086700000, 0x0000000086700000| Untracked 
| 104|0x0000000086800000, 0x0000000086800000, 0x0000000086900000|  0%| F|  |TAMS 0x0000000086800000, 0x0000000086800000| Untracked 

Card table byte_map: [0x00000159b9b80000,0x00000159b9f80000] _byte_map_base: 0x00000159b9780000

Marking Bits (Prev, Next): (CMBitMap*) 0x00000159a6cc4f00, (CMBitMap*) 0x00000159a6cc4ec8
 Prev Bits: [0x00000159bc380000, 0x00000159be380000)
 Next Bits: [0x00000159ba380000, 0x00000159bc380000)

Polling page: 0x00000159a4bd0000

Metaspace:

Usage:
  Non-class:     44.72 MB capacity,    43.78 MB ( 98%) used,   820.82 KB (  2%) free+waste,   133.56 KB ( <1%) overhead. 
      Class:      6.92 MB capacity,     6.39 MB ( 92%) used,   473.48 KB (  7%) free+waste,    64.13 KB ( <1%) overhead. 
       Both:     51.63 MB capacity,    50.18 MB ( 97%) used,     1.26 MB (  2%) free+waste,   197.69 KB ( <1%) overhead. 

Virtual space:
  Non-class space:       46.00 MB reserved,      44.75 MB ( 97%) committed 
      Class space:        1.00 GB reserved,       7.00 MB ( <1%) committed 
             Both:        1.04 GB reserved,      51.75 MB (  5%) committed 

Chunk freelists:
   Non-Class:  34.00 KB
       Class:  21.00 KB
        Both:  55.00 KB

MaxMetaspaceSize: 17179869184.00 GB
CompressedClassSpaceSize: 1.00 GB

CodeHeap 'non-profiled nmethods': size=120064Kb used=2392Kb max_used=2392Kb free=117671Kb
 bounds [0x00000159b2240000, 0x00000159b24b0000, 0x00000159b9780000]
CodeHeap 'profiled nmethods': size=120000Kb used=10582Kb max_used=10582Kb free=109417Kb
 bounds [0x00000159aad10000, 0x00000159ab770000, 0x00000159b2240000]
CodeHeap 'non-nmethods': size=5696Kb used=2237Kb max_used=2281Kb free=3459Kb
 bounds [0x00000159aa780000, 0x00000159aa9f0000, 0x00000159aad10000]
 total_blobs=6057 nmethods=5254 adapters=712
 compilation: enabled
              stopped_count=0, restarted_count=0
 full_count=0

Compilation events (20 events):
Event: 14.392 Thread 0x00000159c0896000 5294       3       com.google.common.collect.ImmutableCollection$ArrayBasedBuilder::<init> (25 bytes)
Event: 14.392 Thread 0x00000159c0896000 nmethod 5294 0x00000159ab758110 code [0x00000159ab7582e0, 0x00000159ab7585e8]
Event: 14.393 Thread 0x00000159c0896000 5296       3       com.google.common.collect.ImmutableSet::<init> (5 bytes)
Event: 14.393 Thread 0x00000159c0896000 nmethod 5296 0x00000159ab758710 code [0x00000159ab7588e0, 0x00000159ab758af8]
Event: 14.393 Thread 0x00000159c0896000 5295       3       com.google.common.collect.ImmutableCollection$Builder::<init> (5 bytes)
Event: 14.393 Thread 0x00000159c0896000 nmethod 5295 0x00000159ab758c10 code [0x00000159ab758dc0, 0x00000159ab758f18]
Event: 14.402 Thread 0x00000159c0896000 5297 %     3       java.util.Arrays::hashCode @ 16 (56 bytes)
Event: 14.403 Thread 0x00000159c0896000 nmethod 5297% 0x00000159ab759010 code [0x00000159ab7591e0, 0x00000159ab7595a8]
Event: 14.403 Thread 0x00000159c0896000 5299       3       sun.reflect.annotation.AnnotationParser::parseAnnotations2 (135 bytes)
Event: 14.405 Thread 0x00000159c0896000 nmethod 5299 0x00000159ab759710 code [0x00000159ab759b00, 0x00000159ab75b4b8]
Event: 14.405 Thread 0x00000159c0896000 5302       3       org.objectweb.asm.Frame::execute (2318 bytes)
Event: 14.410 Thread 0x00000159c0896000 nmethod 5302 0x00000159ab75c010 code [0x00000159ab75cd80, 0x00000159ab7633b8]
Event: 14.410 Thread 0x00000159c0896000 5300       3       com.google.common.collect.LinkedHashMultimap::access$400 (6 bytes)
Event: 14.410 Thread 0x00000159c0896000 nmethod 5300 0x00000159ab765010 code [0x00000159ab7651e0, 0x00000159ab765418]
Event: 14.410 Thread 0x00000159c0896000 5298       3       com.google.common.collect.RegularImmutableMap$EntrySet$1::size (8 bytes)
Event: 14.411 Thread 0x00000159c0896000 nmethod 5298 0x00000159ab765510 code [0x00000159ab7656c0, 0x00000159ab7657d8]
Event: 14.411 Thread 0x00000159c0896000 5301       1       com.google.common.collect.LinkedHashMultimap$ValueEntry::getSuccessorInValueSet (5 bytes)
Event: 14.411 Thread 0x00000159c0896000 nmethod 5301 0x00000159b2495790 code [0x00000159b2495940, 0x00000159b24959f8]
Event: 14.411 Thread 0x00000159c0896000 5303       1       com.google.common.collect.ImmutableEntry::getValue (5 bytes)
Event: 14.411 Thread 0x00000159c0896000 nmethod 5303 0x00000159b2495a90 code [0x00000159b2495c40, 0x00000159b2495cf8]

GC Heap History (20 events):
Event: 11.512 GC heap before
{Heap before GC invocations=25 (full 0):
 garbage-first heap   total 73728K, used 57226K [0x0000000080000000, 0x0000000100000000)
  region size 1024K, 18 young (18432K), 3 survivors (3072K)
 Metaspace       used 44597K, capacity 45702K, committed 45952K, reserved 1089536K
  class space    used 5836K, capacity 6263K, committed 6272K, reserved 1048576K
}
Event: 11.521 GC heap after
{Heap after GC invocations=26 (full 0):
 garbage-first heap   total 73728K, used 42337K [0x0000000080000000, 0x0000000100000000)
  region size 1024K, 2 young (2048K), 2 survivors (2048K)
 Metaspace       used 44597K, capacity 45702K, committed 45952K, reserved 1089536K
  class space    used 5836K, capacity 6263K, committed 6272K, reserved 1048576K
}
Event: 11.746 GC heap before
{Heap before GC invocations=27 (full 0):
 garbage-first heap   total 73728K, used 57697K [0x0000000080000000, 0x0000000100000000)
  region size 1024K, 17 young (17408K), 2 survivors (2048K)
 Metaspace       used 44647K, capacity 45766K, committed 45952K, reserved 1089536K
  class space    used 5836K, capacity 6263K, committed 6272K, reserved 1048576K
}
Event: 11.754 GC heap after
{Heap after GC invocations=28 (full 0):
 garbage-first heap   total 73728K, used 42832K [0x0000000080000000, 0x0000000100000000)
  region size 1024K, 2 young (2048K), 2 survivors (2048K)
 Metaspace       used 44647K, capacity 45766K, committed 45952K, reserved 1089536K
  class space    used 5836K, capacity 6263K, committed 6272K, reserved 1048576K
}
Event: 11.850 GC heap before
{Heap before GC invocations=28 (full 0):
 garbage-first heap   total 73728K, used 58192K [0x0000000080000000, 0x0000000100000000)
  region size 1024K, 17 young (17408K), 2 survivors (2048K)
 Metaspace       used 44648K, capacity 45766K, committed 45952K, reserved 1089536K
  class space    used 5836K, capacity 6263K, committed 6272K, reserved 1048576K
}
Event: 11.854 GC heap after
{Heap after GC invocations=29 (full 0):
 garbage-first heap   total 89088K, used 43398K [0x0000000080000000, 0x0000000100000000)
  region size 1024K, 2 young (2048K), 2 survivors (2048K)
 Metaspace       used 44648K, capacity 45766K, committed 45952K, reserved 1089536K
  class space    used 5836K, capacity 6263K, committed 6272K, reserved 1048576K
}
Event: 11.995 GC heap before
{Heap before GC invocations=30 (full 0):
 garbage-first heap   total 89088K, used 65926K [0x0000000080000000, 0x0000000100000000)
  region size 1024K, 24 young (24576K), 2 survivors (2048K)
 Metaspace       used 44673K, capacity 45766K, committed 45952K, reserved 1089536K
  class space    used 5836K, capacity 6263K, committed 6272K, reserved 1048576K
}
Event: 11.998 GC heap after
{Heap after GC invocations=31 (full 0):
 garbage-first heap   total 89088K, used 43703K [0x0000000080000000, 0x0000000100000000)
  region size 1024K, 2 young (2048K), 2 survivors (2048K)
 Metaspace       used 44673K, capacity 45766K, committed 45952K, reserved 1089536K
  class space    used 5836K, capacity 6263K, committed 6272K, reserved 1048576K
}
Event: 12.411 GC heap before
{Heap before GC invocations=31 (full 0):
 garbage-first heap   total 89088K, used 66231K [0x0000000080000000, 0x0000000100000000)
  region size 1024K, 25 young (25600K), 2 survivors (2048K)
 Metaspace       used 46537K, capacity 47778K, committed 48000K, reserved 1091584K
  class space    used 6043K, capacity 6505K, committed 6528K, reserved 1048576K
}
Event: 12.416 GC heap after
{Heap after GC invocations=32 (full 0):
 garbage-first heap   total 89088K, used 44881K [0x0000000080000000, 0x0000000100000000)
  region size 1024K, 4 young (4096K), 4 survivors (4096K)
 Metaspace       used 46537K, capacity 47778K, committed 48000K, reserved 1091584K
  class space    used 6043K, capacity 6505K, committed 6528K, reserved 1048576K
}
Event: 12.721 GC heap before
{Heap before GC invocations=33 (full 0):
 garbage-first heap   total 89088K, used 48977K [0x0000000080000000, 0x0000000100000000)
  region size 1024K, 9 young (9216K), 4 survivors (4096K)
 Metaspace       used 47349K, capacity 48634K, committed 48896K, reserved 1091584K
  class space    used 6123K, capacity 6594K, committed 6656K, reserved 1048576K
}
Event: 12.727 GC heap after
{Heap after GC invocations=34 (full 0):
 garbage-first heap   total 89088K, used 45440K [0x0000000080000000, 0x0000000100000000)
  region size 1024K, 3 young (3072K), 3 survivors (3072K)
 Metaspace       used 47349K, capacity 48634K, committed 48896K, reserved 1091584K
  class space    used 6123K, capacity 6594K, committed 6656K, reserved 1048576K
}
Event: 12.866 GC heap before
{Heap before GC invocations=35 (full 0):
 garbage-first heap   total 89088K, used 71040K [0x0000000080000000, 0x0000000100000000)
  region size 1024K, 26 young (26624K), 3 survivors (3072K)
 Metaspace       used 47385K, capacity 48634K, committed 48896K, reserved 1091584K
  class space    used 6126K, capacity 6594K, committed 6656K, reserved 1048576K
}
Event: 12.872 GC heap after
{Heap after GC invocations=36 (full 0):
 garbage-first heap   total 107520K, used 50101K [0x0000000080000000, 0x0000000100000000)
  region size 1024K, 4 young (4096K), 4 survivors (4096K)
 Metaspace       used 47385K, capacity 48634K, committed 48896K, reserved 1091584K
  class space    used 6126K, capacity 6594K, committed 6656K, reserved 1048576K
}
Event: 13.329 GC heap before
{Heap before GC invocations=36 (full 0):
 garbage-first heap   total 107520K, used 80821K [0x0000000080000000, 0x0000000100000000)
  region size 1024K, 34 young (34816K), 4 survivors (4096K)
 Metaspace       used 48232K, capacity 49702K, committed 49792K, reserved 1091584K
  class space    used 6218K, capacity 6731K, committed 6784K, reserved 1048576K
}
Event: 13.336 GC heap after
{Heap after GC invocations=37 (full 0):
 garbage-first heap   total 107520K, used 51309K [0x0000000080000000, 0x0000000100000000)
  region size 1024K, 4 young (4096K), 4 survivors (4096K)
 Metaspace       used 48232K, capacity 49702K, committed 49792K, reserved 1091584K
  class space    used 6218K, capacity 6731K, committed 6784K, reserved 1048576K
}
Event: 13.418 GC heap before
{Heap before GC invocations=37 (full 0):
 garbage-first heap   total 107520K, used 55405K [0x0000000080000000, 0x0000000100000000)
  region size 1024K, 9 young (9216K), 4 survivors (4096K)
 Metaspace       used 48552K, capacity 49990K, committed 50048K, reserved 1093632K
  class space    used 6242K, capacity 6763K, committed 6784K, reserved 1048576K
}
Event: 13.424 GC heap after
{Heap after GC invocations=38 (full 0):
 garbage-first heap   total 107520K, used 51937K [0x0000000080000000, 0x0000000100000000)
  region size 1024K, 4 young (4096K), 4 survivors (4096K)
 Metaspace       used 48552K, capacity 49990K, committed 50048K, reserved 1093632K
  class space    used 6242K, capacity 6763K, committed 6784K, reserved 1048576K
}
Event: 14.274 GC heap before
{Heap before GC invocations=39 (full 0):
 garbage-first heap   total 107520K, used 86753K [0x0000000080000000, 0x0000000100000000)
  region size 1024K, 37 young (37888K), 4 survivors (4096K)
 Metaspace       used 50923K, capacity 52437K, committed 52608K, reserved 1095680K
  class space    used 6459K, capacity 6980K, committed 7040K, reserved 1048576K
}
Event: 14.304 GC heap after
{Heap after GC invocations=40 (full 0):
 garbage-first heap   total 107520K, used 53955K [0x0000000080000000, 0x0000000100000000)
  region size 1024K, 4 young (4096K), 4 survivors (4096K)
 Metaspace       used 50923K, capacity 52437K, committed 52608K, reserved 1095680K
  class space    used 6459K, capacity 6980K, committed 7040K, reserved 1048576K
}

Deoptimization events (20 events):
Event: 12.858 Thread 0x00000159c1e9c800 DEOPT PACKING pc=0x00000159ab3f6ba8 sp=0x0000004746af7460
Event: 12.858 Thread 0x00000159c1e9c800 DEOPT UNPACKING pc=0x00000159aa7a7c0e sp=0x0000004746af6900 mode 0
Event: 12.961 Thread 0x00000159c1e9c800 Uncommon trap: trap_request=0xffffff7e fr.pc=0x00000159b244e7c8 relative=0x0000000000000088
Event: 12.961 Thread 0x00000159c1e9c800 Uncommon trap: reason=predicate action=maybe_recompile pc=0x00000159b244e7c8 method=java.util.TimSort.binarySort([Ljava/lang/Object;IIILjava/util/Comparator;)V @ 34 c2
Event: 12.961 Thread 0x00000159c1e9c800 DEOPT PACKING pc=0x00000159b244e7c8 sp=0x0000004746af8780
Event: 12.961 Thread 0x00000159c1e9c800 DEOPT UNPACKING pc=0x00000159aa7883af sp=0x0000004746af8740 mode 2
Event: 13.056 Thread 0x00000159c1e9c800 DEOPT PACKING pc=0x00000159ab0f5e9b sp=0x0000004746af7cf0
Event: 13.056 Thread 0x00000159c1e9c800 DEOPT UNPACKING pc=0x00000159aa7a7c0e sp=0x0000004746af7230 mode 0
Event: 13.257 Thread 0x00000159c1e9c800 Uncommon trap: trap_request=0xffffff4d fr.pc=0x00000159b2291c60 relative=0x0000000000000580
Event: 13.257 Thread 0x00000159c1e9c800 Uncommon trap: reason=unstable_if action=reinterpret pc=0x00000159b2291c60 method=java.util.jar.Manifest$FastInputStream.readLine([BII)I @ 130 c2
Event: 13.257 Thread 0x00000159c1e9c800 DEOPT PACKING pc=0x00000159b2291c60 sp=0x0000004746af6a70
Event: 13.257 Thread 0x00000159c1e9c800 DEOPT UNPACKING pc=0x00000159aa7883af sp=0x0000004746af6a00 mode 2
Event: 13.258 Thread 0x00000159c1e9c800 DEOPT PACKING pc=0x00000159ab0895e8 sp=0x0000004746af66d0
Event: 13.258 Thread 0x00000159c1e9c800 DEOPT UNPACKING pc=0x00000159aa7a7c0e sp=0x0000004746af5bd8 mode 0
Event: 13.596 Thread 0x00000159c1e9c800 DEOPT PACKING pc=0x00000159aaf76e17 sp=0x0000004746af7b00
Event: 13.596 Thread 0x00000159c1e9c800 DEOPT UNPACKING pc=0x00000159aa7a7c0e sp=0x0000004746af7088 mode 0
Event: 14.224 Thread 0x00000159c1e9c800 Uncommon trap: trap_request=0xffffff4d fr.pc=0x00000159b23dca90 relative=0x00000000000010b0
Event: 14.224 Thread 0x00000159c1e9c800 Uncommon trap: reason=unstable_if action=reinterpret pc=0x00000159b23dca90 method=org.objectweb.asm.Frame.execute(IILorg/objectweb/asm/Symbol;Lorg/objectweb/asm/SymbolTable;)V @ 1 c2
Event: 14.224 Thread 0x00000159c1e9c800 DEOPT PACKING pc=0x00000159b23dca90 sp=0x0000004746afad80
Event: 14.224 Thread 0x00000159c1e9c800 DEOPT UNPACKING pc=0x00000159aa7883af sp=0x0000004746afad28 mode 2

Classes redefined (0 events):
No events

Internal exceptions (20 events):
Event: 14.007 Thread 0x00000159c1e9c800 Exception <a 'java/lang/ClassNotFoundException'{0x000000008531ec58}: org/gradle/api/internal/provider/AbstractMinimalProviderBeanInfo> (0x000000008531ec58) thrown at [./src/hotspot/share/classfile/systemDictionary.cpp, line 231]
Event: 14.008 Thread 0x00000159c1e9c800 Exception <a 'java/lang/ClassNotFoundException'{0x0000000085347968}: org/gradle/api/internal/provider/AbstractMinimalProviderCustomizer> (0x0000000085347968) thrown at [./src/hotspot/share/classfile/systemDictionary.cpp, line 231]
Event: 14.012 Thread 0x00000159c1e9c800 Exception <a 'java/lang/ClassNotFoundException'{0x00000000853a7fc0}: org/gradle/api/internal/provider/AbstractPropertyCustomizer> (0x00000000853a7fc0) thrown at [./src/hotspot/share/classfile/systemDictionary.cpp, line 231]
Event: 14.014 Thread 0x00000159c1e9c800 Exception <a 'java/lang/ClassNotFoundException'{0x00000000853da758}: org/gradle/api/internal/provider/DefaultPropertyCustomizer> (0x00000000853da758) thrown at [./src/hotspot/share/classfile/systemDictionary.cpp, line 231]
Event: 14.033 Thread 0x00000159c1e9c800 Exception <a 'java/lang/ClassNotFoundException'{0x0000000084e44950}: org/gradle/api/internal/artifacts/dsl/DefaultRepositoryHandler_DecoratedBeanInfo> (0x0000000084e44950) thrown at [./src/hotspot/share/classfile/systemDictionary.cpp, line 231]
Event: 14.035 Thread 0x00000159c1e9c800 Exception <a 'java/lang/ClassNotFoundException'{0x0000000084e7d5c8}: org/gradle/api/internal/artifacts/dsl/DefaultRepositoryHandlerBeanInfo> (0x0000000084e7d5c8) thrown at [./src/hotspot/share/classfile/systemDictionary.cpp, line 231]
Event: 14.036 Thread 0x00000159c1e9c800 Exception <a 'java/lang/ClassNotFoundException'{0x0000000084eb8a58}: org/gradle/api/internal/artifacts/DefaultArtifactRepositoryContainerBeanInfo> (0x0000000084eb8a58) thrown at [./src/hotspot/share/classfile/systemDictionary.cpp, line 231]
Event: 14.037 Thread 0x00000159c1e9c800 Exception <a 'java/lang/ClassNotFoundException'{0x0000000084ee2ae8}: org/gradle/api/internal/DefaultNamedDomainObjectListBeanInfo> (0x0000000084ee2ae8) thrown at [./src/hotspot/share/classfile/systemDictionary.cpp, line 231]
Event: 14.038 Thread 0x00000159c1e9c800 Exception <a 'java/lang/ClassNotFoundException'{0x0000000084d0eb10}: org/gradle/api/internal/DefaultNamedDomainObjectCollectionBeanInfo> (0x0000000084d0eb10) thrown at [./src/hotspot/share/classfile/systemDictionary.cpp, line 231]
Event: 14.038 Thread 0x00000159c1e9c800 Exception <a 'java/lang/ClassNotFoundException'{0x0000000084d39cc0}: org/gradle/api/internal/DefaultDomainObjectCollectionBeanInfo> (0x0000000084d39cc0) thrown at [./src/hotspot/share/classfile/systemDictionary.cpp, line 231]
Event: 14.038 Thread 0x00000159c1e9c800 Exception <a 'java/lang/ClassNotFoundException'{0x0000000084d3fef8}: java/util/AbstractCollectionBeanInfo> (0x0000000084d3fef8) thrown at [./src/hotspot/share/classfile/systemDictionary.cpp, line 231]
Event: 14.039 Thread 0x00000159c1e9c800 Exception <a 'java/lang/ClassNotFoundException'{0x0000000084d463a8}: java/util/AbstractCollectionCustomizer> (0x0000000084d463a8) thrown at [./src/hotspot/share/classfile/systemDictionary.cpp, line 231]
Event: 14.041 Thread 0x00000159c1e9c800 Exception <a 'java/lang/ClassNotFoundException'{0x0000000084d7a6b0}: org/gradle/api/internal/DefaultDomainObjectCollectionCustomizer> (0x0000000084d7a6b0) thrown at [./src/hotspot/share/classfile/systemDictionary.cpp, line 231]
Event: 14.043 Thread 0x00000159c1e9c800 Exception <a 'java/lang/ClassNotFoundException'{0x0000000084dc37e8}: org/gradle/api/internal/DefaultNamedDomainObjectCollectionCustomizer> (0x0000000084dc37e8) thrown at [./src/hotspot/share/classfile/systemDictionary.cpp, line 231]
Event: 14.047 Thread 0x00000159c1e9c800 Exception <a 'java/lang/ClassNotFoundException'{0x0000000084c32a50}: org/gradle/api/internal/DefaultNamedDomainObjectListCustomizer> (0x0000000084c32a50) thrown at [./src/hotspot/share/classfile/systemDictionary.cpp, line 231]
Event: 14.049 Thread 0x00000159c1e9c800 Exception <a 'java/lang/ClassNotFoundException'{0x0000000084c87298}: org/gradle/api/internal/artifacts/DefaultArtifactRepositoryContainerCustomizer> (0x0000000084c87298) thrown at [./src/hotspot/share/classfile/systemDictionary.cpp, line 231]
Event: 14.051 Thread 0x00000159c1e9c800 Exception <a 'java/lang/ClassNotFoundException'{0x0000000084cd1460}: org/gradle/api/internal/artifacts/dsl/DefaultRepositoryHandlerCustomizer> (0x0000000084cd1460) thrown at [./src/hotspot/share/classfile/systemDictionary.cpp, line 231]
Event: 14.054 Thread 0x00000159c1e9c800 Exception <a 'java/lang/ClassNotFoundException'{0x0000000084b2ed50}: org/gradle/api/internal/artifacts/dsl/DefaultRepositoryHandler_DecoratedCustomizer> (0x0000000084b2ed50) thrown at [./src/hotspot/share/classfile/systemDictionary.cpp, line 231]
Event: 14.136 Thread 0x00000159c1e9c800 Exception <a 'java/lang/ClassNotFoundException'{0x000000008460e9c8}: org/gradle/initialization/DefaultProjectDescriptorBeanInfo> (0x000000008460e9c8) thrown at [./src/hotspot/share/classfile/systemDictionary.cpp, line 231]
Event: 14.137 Thread 0x00000159c1e9c800 Exception <a 'java/lang/ClassNotFoundException'{0x0000000084633c48}: org/gradle/initialization/DefaultProjectDescriptorCustomizer> (0x0000000084633c48) thrown at [./src/hotspot/share/classfile/systemDictionary.cpp, line 231]

Events (20 events):
Event: 14.398 loading class org/gradle/model/internal/core/MutableModelNode
Event: 14.398 loading class org/gradle/model/internal/core/MutableModelNode done
Event: 14.399 loading class org/gradle/model/internal/core/ModelNode
Event: 14.399 loading class org/gradle/model/internal/core/ModelNode done
Event: 14.399 loading class org/gradle/model/internal/core/ModelPath
Event: 14.399 loading class org/gradle/model/internal/core/ModelPath done
Event: 14.400 loading class org/gradle/api/Task$Namer
Event: 14.400 loading class org/gradle/api/Task$Namer done
Event: 14.412 loading class org/gradle/api/internal/tasks/DefaultTaskContainer$6
Event: 14.412 loading class org/gradle/api/internal/tasks/DefaultTaskContainer$6 done
Event: 14.413 loading class org/gradle/api/internal/tasks/DefaultTaskContainer$7
Event: 14.413 loading class org/gradle/api/internal/tasks/DefaultTaskContainer$7 done
Event: 14.414 loading class org/gradle/api/internal/tasks/DefaultTaskContainerFactory$1
Event: 14.414 loading class org/gradle/api/internal/tasks/DefaultTaskContainerFactory$1 done
Event: 14.415 loading class org/gradle/internal/BiAction
Event: 14.415 loading class org/gradle/internal/BiAction done
Event: 14.415 loading class org/gradle/internal/extensibility/ExtensibleDynamicObject$Location
Event: 14.415 loading class org/gradle/internal/extensibility/ExtensibleDynamicObject$Location done
Event: 14.416 loading class org/gradle/internal/extensibility/ExtensibleDynamicObject$2
Event: 14.416 loading class org/gradle/internal/extensibility/ExtensibleDynamicObject$2 done


Dynamic libraries:
0x00007ff79a340000 - 0x00007ff79a34a000 	C:\Program Files\Android\Android Studio\jre\bin\java.exe
0x00007ffb2cf50000 - 0x00007ffb2d145000 	C:\windows\SYSTEM32\ntdll.dll
0x00007ffae25f0000 - 0x00007ffae2606000 	C:\Program Files\Avast Software\Avast\aswhook.dll
0x00007ffb2bb50000 - 0x00007ffb2bc0e000 	C:\windows\System32\KERNEL32.DLL
0x00007ffb2a7e0000 - 0x00007ffb2aaa8000 	C:\windows\System32\KERNELBASE.dll
0x00007ffb2abb0000 - 0x00007ffb2acb0000 	C:\windows\System32\ucrtbase.dll
0x00007ffb15ac0000 - 0x00007ffb15ad9000 	C:\Program Files\Android\Android Studio\jre\bin\jli.dll
0x00007ffafc110000 - 0x00007ffafc127000 	C:\Program Files\Android\Android Studio\jre\bin\VCRUNTIME140.dll
0x00007ffb2b780000 - 0x00007ffb2b920000 	C:\windows\System32\USER32.dll
0x00007ffb2a710000 - 0x00007ffb2a732000 	C:\windows\System32\win32u.dll
0x00007ffb2c9f0000 - 0x00007ffb2ca1b000 	C:\windows\System32\GDI32.dll
0x00007ffb2ae90000 - 0x00007ffb2af9d000 	C:\windows\System32\gdi32full.dll
0x00007ffb2a740000 - 0x00007ffb2a7dd000 	C:\windows\System32\msvcp_win.dll
0x00007ffb040c0000 - 0x00007ffb0435a000 	C:\windows\WinSxS\amd64_microsoft.windows.common-controls_6595b64144ccf1df_6.0.19041.1110_none_60b5254171f9507e\COMCTL32.dll
0x00007ffb2bcf0000 - 0x00007ffb2bd8e000 	C:\windows\System32\msvcrt.dll
0x00007ffb2b6e0000 - 0x00007ffb2b710000 	C:\windows\System32\IMM32.DLL
0x00007ffacdff0000 - 0x00007fface08d000 	C:\Program Files\Android\Android Studio\jre\bin\msvcp140.dll
0x00007ffac72e0000 - 0x00007ffac7db5000 	C:\Program Files\Android\Android Studio\jre\bin\server\jvm.dll
0x00007ffb2baa0000 - 0x00007ffb2bb4e000 	C:\windows\System32\ADVAPI32.dll
0x00007ffb2b000000 - 0x00007ffb2b09c000 	C:\windows\System32\sechost.dll
0x00007ffb2ca20000 - 0x00007ffb2cb45000 	C:\windows\System32\RPCRT4.dll
0x00007ffb2b300000 - 0x00007ffb2b308000 	C:\windows\System32\PSAPI.DLL
0x00007ffb11ae0000 - 0x00007ffb11ae9000 	C:\windows\SYSTEM32\WSOCK32.dll
0x00007ffb047b0000 - 0x00007ffb047d7000 	C:\windows\SYSTEM32\WINMM.dll
0x00007ffb2b710000 - 0x00007ffb2b77b000 	C:\windows\System32\WS2_32.dll
0x00007ffb231b0000 - 0x00007ffb231ba000 	C:\windows\SYSTEM32\VERSION.dll
0x00007ffb28ea0000 - 0x00007ffb28eb2000 	C:\windows\SYSTEM32\kernel.appcore.dll
0x00007ffb25d50000 - 0x00007ffb25d61000 	C:\Program Files\Android\Android Studio\jre\bin\verify.dll
0x00007ffb28410000 - 0x00007ffb285f4000 	C:\windows\SYSTEM32\DBGHELP.DLL
0x00007ffb15520000 - 0x00007ffb1554c000 	C:\windows\SYSTEM32\dbgcore.DLL
0x00007ffb2aab0000 - 0x00007ffb2ab32000 	C:\windows\System32\bcryptPrimitives.dll
0x00007ffb25d20000 - 0x00007ffb25d49000 	C:\Program Files\Android\Android Studio\jre\bin\java.dll
0x00007ffb25d10000 - 0x00007ffb25d1b000 	C:\Program Files\Android\Android Studio\jre\bin\jimage.dll
0x00007ffb25cf0000 - 0x00007ffb25d08000 	C:\Program Files\Android\Android Studio\jre\bin\zip.dll
0x00007ffb2bd90000 - 0x00007ffb2c4d4000 	C:\windows\System32\SHELL32.dll
0x00007ffb28600000 - 0x00007ffb28d94000 	C:\windows\SYSTEM32\windows.storage.dll
0x00007ffb2cb50000 - 0x00007ffb2cea5000 	C:\windows\System32\combase.dll
0x00007ffb29fe0000 - 0x00007ffb2a00e000 	C:\windows\SYSTEM32\Wldp.dll
0x00007ffb2b920000 - 0x00007ffb2b9cd000 	C:\windows\System32\SHCORE.dll
0x00007ffb2afa0000 - 0x00007ffb2aff5000 	C:\windows\System32\shlwapi.dll
0x00007ffb2a5a0000 - 0x00007ffb2a5bf000 	C:\windows\SYSTEM32\profapi.dll
0x00007ffb25cb0000 - 0x00007ffb25cca000 	C:\Program Files\Android\Android Studio\jre\bin\net.dll
0x00007ffb20c20000 - 0x00007ffb20d2c000 	C:\windows\SYSTEM32\WINHTTP.dll
0x00007ffb29cf0000 - 0x00007ffb29d5a000 	C:\windows\system32\mswsock.dll
0x00007ffb24dd0000 - 0x00007ffb24de4000 	C:\Program Files\Android\Android Studio\jre\bin\nio.dll
0x00007ffad40c0000 - 0x00007ffad40e7000 	C:\Users\serge\.gradle\native\8bec1ad78214c89d9ad589b4d07fe93259594b29d510b10fafb7a158f7737e5d\windows-amd64\native-platform.dll
0x00007ffac9a90000 - 0x00007ffac9bcd000 	C:\Users\serge\.gradle\native\53dbd7edfb1c66fb8903c78663c9afc45aea4f116125fa6feffd364cf09443e8\windows-amd64\native-platform-file-events.dll
0x00007ffb24dc0000 - 0x00007ffb24dca000 	C:\Program Files\Android\Android Studio\jre\bin\management.dll
0x00007ffb196e0000 - 0x00007ffb196ed000 	C:\Program Files\Android\Android Studio\jre\bin\management_ext.dll
0x00007ffb29eb0000 - 0x00007ffb29ec8000 	C:\windows\SYSTEM32\CRYPTSP.dll
0x00007ffb29680000 - 0x00007ffb296b4000 	C:\windows\system32\rsaenh.dll
0x00007ffb2ae10000 - 0x00007ffb2ae37000 	C:\windows\System32\bcrypt.dll
0x00007ffb2a520000 - 0x00007ffb2a54e000 	C:\windows\SYSTEM32\USERENV.dll
0x00007ffb29ed0000 - 0x00007ffb29edc000 	C:\windows\SYSTEM32\CRYPTBASE.dll
0x00007ffb299f0000 - 0x00007ffb29a2b000 	C:\windows\SYSTEM32\IPHLPAPI.DLL
0x00007ffb2b310000 - 0x00007ffb2b318000 	C:\windows\System32\NSI.dll
0x00007ffb20eb0000 - 0x00007ffb20ec7000 	C:\windows\SYSTEM32\dhcpcsvc6.DLL
0x00007ffb207b0000 - 0x00007ffb207cd000 	C:\windows\SYSTEM32\dhcpcsvc.DLL
0x00007ffb29a30000 - 0x00007ffb29afb000 	C:\windows\SYSTEM32\DNSAPI.dll

dbghelp: loaded successfully - version: 4.0.5 - missing functions: none
symbol engine: initialized successfully - sym options: 0x614 - pdb path: .;C:\Program Files\Android\Android Studio\jre\bin;C:\windows\SYSTEM32;C:\Program Files\Avast Software\Avast;C:\windows\WinSxS\amd64_microsoft.windows.common-controls_6595b64144ccf1df_6.0.19041.1110_none_60b5254171f9507e;C:\Program Files\Android\Android Studio\jre\bin\server;C:\Users\serge\.gradle\native\8bec1ad78214c89d9ad589b4d07fe93259594b29d510b10fafb7a158f7737e5d\windows-amd64;C:\Users\serge\.gradle\native\53dbd7edfb1c66fb8903c78663c9afc45aea4f116125fa6feffd364cf09443e8\windows-amd64

VM Arguments:
jvm_args: --add-opens=java.base/java.util=ALL-UNNAMED --add-opens=java.base/java.lang=ALL-UNNAMED --add-opens=java.base/java.lang.invoke=ALL-UNNAMED --add-opens=java.base/java.util=ALL-UNNAMED --add-opens=java.prefs/java.util.prefs=ALL-UNNAMED --add-opens=java.prefs/java.util.prefs=ALL-UNNAMED --add-opens=java.base/java.nio.charset=ALL-UNNAMED --add-opens=java.base/java.net=ALL-UNNAMED --add-opens=java.base/java.util.concurrent.atomic=ALL-UNNAMED -Xmx2048m -Dfile.encoding=UTF-8 -Duser.country=PT -Duser.language=pt -Duser.variant 
java_command: org.gradle.launcher.daemon.bootstrap.GradleDaemon 7.0.2
java_class_path (initial): C:\Users\serge\.gradle\wrapper\dists\gradle-7.0.2-bin\857tjihv64xamwrf0h14cai3r\gradle-7.0.2\lib\gradle-launcher-7.0.2.jar
Launcher Type: SUN_STANDARD

[Global flags]
     intx CICompilerCount                          = 3                                         {product} {ergonomic}
     uint ConcGCThreads                            = 1                                         {product} {ergonomic}
     uint G1ConcRefinementThreads                  = 4                                         {product} {ergonomic}
   size_t G1HeapRegionSize                         = 1048576                                   {product} {ergonomic}
    uintx GCDrainStackTargetSize                   = 64                                        {product} {ergonomic}
   size_t InitialHeapSize                          = 62914560                                  {product} {ergonomic}
   size_t MarkStackSize                            = 4194304                                   {product} {ergonomic}
   size_t MaxHeapSize                              = 2147483648                                {product} {command line}
   size_t MaxNewSize                               = 1287651328                                {product} {ergonomic}
   size_t MinHeapDeltaBytes                        = 1048576                                   {product} {ergonomic}
    uintx NonNMethodCodeHeapSize                   = 5830732                                {pd product} {ergonomic}
    uintx NonProfiledCodeHeapSize                  = 122913754                              {pd product} {ergonomic}
    uintx ProfiledCodeHeapSize                     = 122913754                              {pd product} {ergonomic}
    uintx ReservedCodeCacheSize                    = 251658240                              {pd product} {ergonomic}
     bool SegmentedCodeCache                       = true                                      {product} {ergonomic}
     bool UseCompressedClassPointers               = true                                 {lp64_product} {ergonomic}
     bool UseCompressedOops                        = true                                 {lp64_product} {ergonomic}
     bool UseG1GC                                  = true                                      {product} {ergonomic}
     bool UseLargePagesIndividualAllocation        = false                                  {pd product} {ergonomic}

Logging:
Log output configuration:
 #0: stdout all=warning uptime,level,tags
 #1: stderr all=off uptime,level,tags

Environment Variables:
PATH=C:\Program Files (x86)\NVIDIA Corporation\PhysX\Common;C:\Program Files (x86)\Common Files\Oracle\Java\javapath;C:\Program Files (x86)\Cuminas\Document Express DjVu Plug-in\;C:\windows\system32;C:\windows;C:\windows\System32\Wbem;C:\windows\System32\WindowsPowerShell\v1.0\;C:\windows\System32\OpenSSH\;C:\Program Files\dotnet\;C:\Program Files (x86)\IDEMIA\AWP\Dlls;C:\Program Files\IDEMIA\AWP\Dlls;C:\Program Files (x86)\Microsoft SQL Server\150\DTS\Binn\;C:\Program Files\Azure Data Studio\bin;C:\Program Files\Microsoft SQL Server\Client SDK\ODBC\170\Tools\Binn\;C:\Program Files (x86)\Microsoft SQL Server\150\Tools\Binn\;C:\Program Files\Microsoft SQL Server\150\Tools\Binn\;C:\Program Files\Microsoft SQL Server\150\DTS\Binn\;C:\Program Files\Microsoft SQL Server\130\Tools\Binn\;C:\Program Files\Git\cmd;C:\Program Files\Docker\Docker\resources\bin;C:\ProgramData\DockerDesktop\version-bin;C:\Users\serge\AppData\Local\Microsoft\WindowsApps;;C:\Users\serge\AppData\Local\Programs\Microsoft VS Code\bin;C:\Users\serge\.dotnet\tools;C:\Program Files\Azure Data Studio\bin
USERNAME=serge
OS=Windows_NT
PROCESSOR_IDENTIFIER=Intel64 Family 6 Model 126 Stepping 5, GenuineIntel



---------------  S Y S T E M  ---------------

OS: Windows 10 , 64 bit Build 19041 (10.0.19041.1503)
OS uptime: 0 days 0:13 hours
Hyper-V role detected

CPU:total 4 (initial active 4) (2 cores per cpu, 2 threads per core) family 6 model 126 stepping 5 microcode 0xa6, cmov, cx8, fxsr, mmx, sse, sse2, sse3, ssse3, sse4.1, sse4.2, popcnt, avx, avx2, aes, clmul, erms, 3dnowpref, lzcnt, ht, tsc, tscinvbit, bmi1, bmi2, adx, evex, sha, fma

Memory: 4k page, system-wide physical 3785M (197M free)
TotalPageFile size 10293M (AvailPageFile size 7M)
current process WorkingSet (physical memory assigned to process): 187M, peak: 248M
current process commit charge ("private bytes"): 294M, peak: 336M

vm_info: OpenJDK 64-Bit Server VM (11.0.11+9-b60-7590822) for windows-amd64 JRE (11.0.11+9-b60-7590822), built on Jul 29 2021 21:43:44 by "builder" with MS VC++ 14.0 (VS2015)

END.
