#
# There is insufficient memory for the Java Runtime Environment to continue.
# Native memory allocation (malloc) failed to allocate 1601456 bytes for Chunk::new
# Possible reasons:
#   The system is out of physical RAM or swap space
#   The process is running with CompressedOops enabled, and the Java Heap may be blocking the growth of the native heap
# Possible solutions:
#   Reduce memory load on the system
#   Increase physical memory or swap space
#   Check if swap backing store is full
#   Decrease Java heap size (-Xmx/-Xms)
#   Decrease number of Java threads
#   Decrease Java thread stack sizes (-Xss)
#   Set larger code cache with -XX:ReservedCodeCacheSize=
#   JVM is running with Unscaled Compressed Oops mode in which the Java heap is
#     placed in the first 4GB address space. The Java Heap base address is the
#     maximum limit for the native heap growth. Please use -XX:HeapBaseMinAddress
#     to set the Java Heap base and to place the Java Heap above 4GB virtual address.
# This output file may be truncated or incomplete.
#
#  Out of Memory Error (./src/hotspot/share/memory/arena.cpp:197), pid=10188, tid=16324
#
# JRE version: OpenJDK Runtime Environment (11.0.11+9) (build 11.0.11+9-b60-7590822)
# Java VM: OpenJDK 64-Bit Server VM (11.0.11+9-b60-7590822, mixed mode, tiered, compressed oops, g1 gc, windows-amd64)
# No core dump will be written. Minidumps are not enabled by default on client versions of Windows
#

---------------  S U M M A R Y ------------

Command Line: --add-opens=java.base/java.util=ALL-UNNAMED --add-opens=java.base/java.lang=ALL-UNNAMED --add-opens=java.base/java.lang.invoke=ALL-UNNAMED --add-opens=java.base/java.util=ALL-UNNAMED --add-opens=java.prefs/java.util.prefs=ALL-UNNAMED --add-opens=java.prefs/java.util.prefs=ALL-UNNAMED --add-opens=java.base/java.nio.charset=ALL-UNNAMED --add-opens=java.base/java.net=ALL-UNNAMED --add-opens=java.base/java.util.concurrent.atomic=ALL-UNNAMED -Xmx2048m -Dfile.encoding=UTF-8 -Duser.country=PT -Duser.language=pt -Duser.variant org.gradle.launcher.daemon.bootstrap.GradleDaemon 7.0.2

Host: Intel(R) Core(TM) i3-1005G1 CPU @ 1.20GHz, 4 cores, 3G,  Windows 10 , 64 bit Build 19041 (10.0.19041.1503)
Time: Tue Feb 22 18:43:40 2022 Hora padrão da Finlândia elapsed time: 64.255477 seconds (0d 0h 1m 4s)

---------------  T H R E A D  ---------------

Current thread (0x000001c645615800):  JavaThread "C2 CompilerThread0" daemon [_thread_in_native, id=16324, stack(0x0000005f08d00000,0x0000005f08e00000)]


Current CompileTask:
C2:  64255 11014   !   4       java.net.URLClassLoader$1::run (63 bytes)

Stack: [0x0000005f08d00000,0x0000005f08e00000]
Native frames: (J=compiled Java code, j=interpreted, Vv=VM code, C=native code)
V  [jvm.dll+0x5f214a]
V  [jvm.dll+0x726fb5]
V  [jvm.dll+0x7285cd]
V  [jvm.dll+0x728c83]
V  [jvm.dll+0x243278]
V  [jvm.dll+0xbc53c]
V  [jvm.dll+0xbca3c]
V  [jvm.dll+0x353e3b]
V  [jvm.dll+0x19875c]
V  [jvm.dll+0x1fc2ee]
V  [jvm.dll+0x1fb3d4]
V  [jvm.dll+0x183d6c]
V  [jvm.dll+0x209a57]
V  [jvm.dll+0x2082a1]
V  [jvm.dll+0x6ef58f]
V  [jvm.dll+0x6e80b5]
V  [jvm.dll+0x5f1036]
C  [ucrtbase.dll+0x21bb2]
C  [KERNEL32.DLL+0x17034]
C  [ntdll.dll+0x52651]


---------------  P R O C E S S  ---------------

Threads class SMR info:
_java_thread_list=0x000001c64bc36e50, length=43, elements={
0x000001c629293800, 0x000001c6455ac800, 0x000001c6455b7800, 0x000001c64560f000,
0x000001c645610000, 0x000001c645611800, 0x000001c645615800, 0x000001c645619000,
0x000001c6457a0000, 0x000001c6458b5000, 0x000001c646a01000, 0x000001c6463e6800,
0x000001c646c48800, 0x000001c646a4b000, 0x000001c646a4c000, 0x000001c6470f8000,
0x000001c645af1000, 0x000001c646694800, 0x000001c6478f0000, 0x000001c647137000,
0x000001c647135800, 0x000001c647133000, 0x000001c647134000, 0x000001c647132800,
0x000001c647136800, 0x000001c647134800, 0x000001c647138000, 0x000001c647139000,
0x000001c649c83000, 0x000001c649c82800, 0x000001c649c88000, 0x000001c649c86800,
0x000001c649c89000, 0x000001c649c89800, 0x000001c649c8a800, 0x000001c649c8b800,
0x000001c649c85800, 0x000001c649c91000, 0x000001c649c8c000, 0x000001c649c8e800,
0x000001c649c8d800, 0x000001c649c8f800, 0x000001c649c8d000
}

Java Threads: ( => current thread )
  0x000001c629293800 JavaThread "main" [_thread_blocked, id=3676, stack(0x0000005f08100000,0x0000005f08200000)]
  0x000001c6455ac800 JavaThread "Reference Handler" daemon [_thread_blocked, id=14280, stack(0x0000005f08800000,0x0000005f08900000)]
  0x000001c6455b7800 JavaThread "Finalizer" daemon [_thread_blocked, id=11024, stack(0x0000005f08900000,0x0000005f08a00000)]
  0x000001c64560f000 JavaThread "Signal Dispatcher" daemon [_thread_blocked, id=15664, stack(0x0000005f08a00000,0x0000005f08b00000)]
  0x000001c645610000 JavaThread "Attach Listener" daemon [_thread_blocked, id=8252, stack(0x0000005f08b00000,0x0000005f08c00000)]
  0x000001c645611800 JavaThread "Service Thread" daemon [_thread_blocked, id=8460, stack(0x0000005f08c00000,0x0000005f08d00000)]
=>0x000001c645615800 JavaThread "C2 CompilerThread0" daemon [_thread_in_native, id=16324, stack(0x0000005f08d00000,0x0000005f08e00000)]
  0x000001c645619000 JavaThread "C1 CompilerThread0" daemon [_thread_blocked, id=3632, stack(0x0000005f08e00000,0x0000005f08f00000)]
  0x000001c6457a0000 JavaThread "Sweeper thread" daemon [_thread_blocked, id=2884, stack(0x0000005f08f00000,0x0000005f09000000)]
  0x000001c6458b5000 JavaThread "Common-Cleaner" daemon [_thread_blocked, id=6660, stack(0x0000005f09000000,0x0000005f09100000)]
  0x000001c646a01000 JavaThread "Daemon health stats" [_thread_blocked, id=10748, stack(0x0000005f09300000,0x0000005f09400000)]
  0x000001c6463e6800 JavaThread "Incoming local TCP Connector on port 63279" [_thread_in_native, id=16240, stack(0x0000005f09400000,0x0000005f09500000)]
  0x000001c646c48800 JavaThread "Daemon periodic checks" [_thread_blocked, id=9396, stack(0x0000005f09500000,0x0000005f09600000)]
  0x000001c646a4b000 JavaThread "Daemon" [_thread_blocked, id=3888, stack(0x0000005f09600000,0x0000005f09700000)]
  0x000001c646a4c000 JavaThread "Handler for socket connection from /127.0.0.1:63279 to /127.0.0.1:63280" [_thread_in_native, id=15908, stack(0x0000005f09700000,0x0000005f09800000)]
  0x000001c6470f8000 JavaThread "Cancel handler" [_thread_blocked, id=10040, stack(0x0000005f09800000,0x0000005f09900000)]
  0x000001c645af1000 JavaThread "Daemon worker" [_thread_in_vm, id=14648, stack(0x0000005f09900000,0x0000005f09a00000)]
  0x000001c646694800 JavaThread "Asynchronous log dispatcher for DefaultDaemonConnection: socket connection from /127.0.0.1:63279 to /127.0.0.1:63280" [_thread_blocked, id=3000, stack(0x0000005f09a00000,0x0000005f09b00000)]
  0x000001c6478f0000 JavaThread "Stdin handler" [_thread_blocked, id=5524, stack(0x0000005f09b00000,0x0000005f09c00000)]
  0x000001c647137000 JavaThread "Daemon client event forwarder" [_thread_blocked, id=3432, stack(0x0000005f09c00000,0x0000005f09d00000)]
  0x000001c647135800 JavaThread "Cache worker for file hash cache (C:\Users\serge\.gradle\caches\7.0.2\fileHashes)" [_thread_blocked, id=15600, stack(0x0000005f09f00000,0x0000005f0a000000)]
  0x000001c647133000 JavaThread "File lock request listener" [_thread_in_native, id=6504, stack(0x0000005f0a000000,0x0000005f0a100000)]
  0x000001c647134000 JavaThread "Cache worker for journal cache (C:\Users\serge\.gradle\caches\journal-1)" [_thread_blocked, id=14956, stack(0x0000005f0a100000,0x0000005f0a200000)]
  0x000001c647132800 JavaThread "Cache worker for file hash cache (C:\Users\serge\AndroidStudioProjects\Lab3 New\.gradle\7.0.2\fileHashes)" [_thread_blocked, id=14632, stack(0x0000005f0a200000,0x0000005f0a300000)]
  0x000001c647136800 JavaThread "File watcher server" daemon [_thread_in_native, id=5344, stack(0x0000005f0a300000,0x0000005f0a400000)]
  0x000001c647134800 JavaThread "File watcher consumer" daemon [_thread_blocked, id=1936, stack(0x0000005f0a400000,0x0000005f0a500000)]
  0x000001c647138000 JavaThread "jar transforms" [_thread_blocked, id=15120, stack(0x0000005f0a500000,0x0000005f0a600000)]
  0x000001c647139000 JavaThread "jar transforms Thread 2" [_thread_blocked, id=6664, stack(0x0000005f0a600000,0x0000005f0a700000)]
  0x000001c649c83000 JavaThread "jar transforms Thread 3" [_thread_blocked, id=15868, stack(0x0000005f0a700000,0x0000005f0a800000)]
  0x000001c649c82800 JavaThread "jar transforms Thread 4" [_thread_blocked, id=9264, stack(0x0000005f0a800000,0x0000005f0a900000)]
  0x000001c649c88000 JavaThread "Cache worker for checksums cache (C:\Users\serge\AndroidStudioProjects\Lab3 New\.gradle\checksums)" [_thread_blocked, id=10664, stack(0x0000005f0a900000,0x0000005f0aa00000)]
  0x000001c649c86800 JavaThread "Cache worker for cache directory md-supplier (C:\Users\serge\.gradle\caches\7.0.2\md-supplier)" [_thread_blocked, id=6376, stack(0x0000005f0aa00000,0x0000005f0ab00000)]
  0x000001c649c89000 JavaThread "Cache worker for cache directory md-rule (C:\Users\serge\.gradle\caches\7.0.2\md-rule)" [_thread_blocked, id=1028, stack(0x0000005f0ab00000,0x0000005f0ac00000)]
  0x000001c649c89800 JavaThread "Cache worker for execution history cache (C:\Users\serge\.gradle\caches\7.0.2\executionHistory)" [_thread_blocked, id=11300, stack(0x0000005f0ac00000,0x0000005f0ad00000)]
  0x000001c649c8a800 JavaThread "Cache worker for file content cache (C:\Users\serge\.gradle\caches\7.0.2\fileContent)" [_thread_blocked, id=14196, stack(0x0000005f0ad00000,0x0000005f0ae00000)]
  0x000001c649c8b800 JavaThread "Cache worker for dependencies-accessors (C:\Users\serge\AndroidStudioProjects\Lab3 New\.gradle\7.0.2\dependencies-accessors)" [_thread_blocked, id=1812, stack(0x0000005f0ae00000,0x0000005f0af00000)]
  0x000001c649c85800 JavaThread "Cache worker for Build Output Cleanup Cache (C:\Users\serge\AndroidStudioProjects\Lab3 New\.gradle\buildOutputCleanup)" [_thread_blocked, id=3280, stack(0x0000005f0af00000,0x0000005f0b000000)]
  0x000001c649c91000 JavaThread "Build operations" [_thread_blocked, id=8872, stack(0x0000005f0b000000,0x0000005f0b100000)]
  0x000001c649c8c000 JavaThread "Build operations Thread 2" [_thread_blocked, id=14812, stack(0x0000005f0b100000,0x0000005f0b200000)]
  0x000001c649c8e800 JavaThread "Build operations Thread 3" [_thread_blocked, id=4544, stack(0x0000005f0b200000,0x0000005f0b300000)]
  0x000001c649c8d800 JavaThread "Build operations Thread 4" [_thread_blocked, id=2816, stack(0x0000005f0b300000,0x0000005f0b400000)]
  0x000001c649c8f800 JavaThread "Memory manager" [_thread_blocked, id=11304, stack(0x0000005f0b600000,0x0000005f0b700000)]
  0x000001c649c8d000 JavaThread "File lock release action executor" [_thread_blocked, id=16164, stack(0x0000005f0b700000,0x0000005f0b800000)]

Other Threads:
  0x000001c6455a7800 VMThread "VM Thread" [stack: 0x0000005f08700000,0x0000005f08800000] [id=13244]
  0x000001c64590a800 WatcherThread [stack: 0x0000005f09100000,0x0000005f09200000] [id=3140]
  0x000001c6292ac800 GCTaskThread "GC Thread#0" [stack: 0x0000005f08200000,0x0000005f08300000] [id=5028]
  0x000001c645b8a000 GCTaskThread "GC Thread#1" [stack: 0x0000005f09200000,0x0000005f09300000] [id=6040]
  0x000001c64650e000 GCTaskThread "GC Thread#2" [stack: 0x0000005f09d00000,0x0000005f09e00000] [id=12164]
  0x000001c6457ba000 GCTaskThread "GC Thread#3" [stack: 0x0000005f09e00000,0x0000005f09f00000] [id=15528]
  0x000001c6292dd800 ConcurrentGCThread "G1 Main Marker" [stack: 0x0000005f08300000,0x0000005f08400000] [id=13240]
  0x000001c6292df000 ConcurrentGCThread "G1 Conc#0" [stack: 0x0000005f08400000,0x0000005f08500000] [id=8900]
  0x000001c629324800 ConcurrentGCThread "G1 Refine#0" [stack: 0x0000005f08500000,0x0000005f08600000] [id=16276]
  0x000001c629326800 ConcurrentGCThread "G1 Young RemSet Sampling" [stack: 0x0000005f08600000,0x0000005f08700000] [id=15560]

Threads with active compile tasks:
C2 CompilerThread0  64309 11014   !   4       java.net.URLClassLoader$1::run (63 bytes)

VM state:not at safepoint (normal execution)

VM Mutex/Monitor currently owned by a thread: None

Heap address: 0x0000000080000000, size: 2048 MB, Compressed Oops mode: 32-bit
Narrow klass base: 0x0000000000000000, Narrow klass shift: 3
Compressed class space size: 1073741824 Address: 0x0000000100000000

Heap:
 garbage-first heap   total 271360K, used 111773K [0x0000000080000000, 0x0000000100000000)
  region size 1024K, 6 young (6144K), 4 survivors (4096K)
 Metaspace       used 95799K, capacity 98425K, committed 98688K, reserved 1134592K
  class space    used 12353K, capacity 13350K, committed 13440K, reserved 1048576K
Heap Regions: E=young(eden), S=young(survivor), O=old, HS=humongous(starts), HC=humongous(continues), CS=collection set, F=free, A=archive, TAMS=top-at-mark-start (previous, next)
|   0|0x0000000080000000, 0x0000000080100000, 0x0000000080100000|100%| O|  |TAMS 0x0000000080100000, 0x0000000080000000| Untracked 
|   1|0x0000000080100000, 0x0000000080200000, 0x0000000080200000|100%| O|  |TAMS 0x0000000080200000, 0x0000000080100000| Untracked 
|   2|0x0000000080200000, 0x0000000080300000, 0x0000000080300000|100%| O|  |TAMS 0x0000000080300000, 0x0000000080200000| Untracked 
|   3|0x0000000080300000, 0x0000000080400000, 0x0000000080400000|100%|HS|  |TAMS 0x0000000080400000, 0x0000000080300000| Complete 
|   4|0x0000000080400000, 0x0000000080500000, 0x0000000080500000|100%|HC|  |TAMS 0x0000000080500000, 0x0000000080400000| Complete 
|   5|0x0000000080500000, 0x0000000080600000, 0x0000000080600000|100%|HC|  |TAMS 0x0000000080600000, 0x0000000080500000| Complete 
|   6|0x0000000080600000, 0x0000000080700000, 0x0000000080700000|100%| O|  |TAMS 0x0000000080700000, 0x0000000080600000| Untracked 
|   7|0x0000000080700000, 0x0000000080800000, 0x0000000080800000|100%| O|  |TAMS 0x0000000080800000, 0x0000000080700000| Untracked 
|   8|0x0000000080800000, 0x0000000080900000, 0x0000000080900000|100%| O|  |TAMS 0x0000000080900000, 0x0000000080800000| Untracked 
|   9|0x0000000080900000, 0x0000000080a00000, 0x0000000080a00000|100%| O|  |TAMS 0x0000000080a00000, 0x0000000080900000| Untracked 
|  10|0x0000000080a00000, 0x0000000080b00000, 0x0000000080b00000|100%| O|  |TAMS 0x0000000080b00000, 0x0000000080a00000| Untracked 
|  11|0x0000000080b00000, 0x0000000080c00000, 0x0000000080c00000|100%| O|  |TAMS 0x0000000080c00000, 0x0000000080b00000| Untracked 
|  12|0x0000000080c00000, 0x0000000080d00000, 0x0000000080d00000|100%| O|  |TAMS 0x0000000080d00000, 0x0000000080c00000| Untracked 
|  13|0x0000000080d00000, 0x0000000080e00000, 0x0000000080e00000|100%| O|  |TAMS 0x0000000080e00000, 0x0000000080d00000| Untracked 
|  14|0x0000000080e00000, 0x0000000080f00000, 0x0000000080f00000|100%| O|  |TAMS 0x0000000080f00000, 0x0000000080e00000| Untracked 
|  15|0x0000000080f00000, 0x0000000081000000, 0x0000000081000000|100%| O|  |TAMS 0x0000000081000000, 0x0000000080f00000| Untracked 
|  16|0x0000000081000000, 0x0000000081100000, 0x0000000081100000|100%|HS|  |TAMS 0x0000000081100000, 0x0000000081000000| Complete 
|  17|0x0000000081100000, 0x0000000081200000, 0x0000000081200000|100%|HC|  |TAMS 0x0000000081200000, 0x0000000081100000| Complete 
|  18|0x0000000081200000, 0x0000000081300000, 0x0000000081300000|100%|HS|  |TAMS 0x0000000081300000, 0x0000000081200000| Complete 
|  19|0x0000000081300000, 0x0000000081400000, 0x0000000081400000|100%|HC|  |TAMS 0x0000000081400000, 0x0000000081300000| Complete 
|  20|0x0000000081400000, 0x0000000081500000, 0x0000000081500000|100%|HC|  |TAMS 0x0000000081500000, 0x0000000081400000| Complete 
|  21|0x0000000081500000, 0x0000000081600000, 0x0000000081600000|100%|HS|  |TAMS 0x0000000081600000, 0x0000000081500000| Complete 
|  22|0x0000000081600000, 0x0000000081700000, 0x0000000081700000|100%|HC|  |TAMS 0x0000000081700000, 0x0000000081600000| Complete 
|  23|0x0000000081700000, 0x0000000081800000, 0x0000000081800000|100%|HC|  |TAMS 0x0000000081800000, 0x0000000081700000| Complete 
|  24|0x0000000081800000, 0x0000000081900000, 0x0000000081900000|100%|HC|  |TAMS 0x0000000081900000, 0x0000000081800000| Complete 
|  25|0x0000000081900000, 0x0000000081a00000, 0x0000000081a00000|100%| O|  |TAMS 0x0000000081a00000, 0x0000000081900000| Untracked 
|  26|0x0000000081a00000, 0x0000000081b00000, 0x0000000081b00000|100%| O|  |TAMS 0x0000000081b00000, 0x0000000081a00000| Untracked 
|  27|0x0000000081b00000, 0x0000000081c00000, 0x0000000081c00000|100%| O|  |TAMS 0x0000000081c00000, 0x0000000081b00000| Untracked 
|  28|0x0000000081c00000, 0x0000000081d00000, 0x0000000081d00000|100%| O|  |TAMS 0x0000000081d00000, 0x0000000081c00000| Untracked 
|  29|0x0000000081d00000, 0x0000000081e00000, 0x0000000081e00000|100%| O|  |TAMS 0x0000000081e00000, 0x0000000081d00000| Untracked 
|  30|0x0000000081e00000, 0x0000000081f00000, 0x0000000081f00000|100%| O|  |TAMS 0x0000000081f00000, 0x0000000081e00000| Untracked 
|  31|0x0000000081f00000, 0x0000000082000000, 0x0000000082000000|100%| O|  |TAMS 0x0000000082000000, 0x0000000081f00000| Untracked 
|  32|0x0000000082000000, 0x0000000082100000, 0x0000000082100000|100%| O|  |TAMS 0x0000000082100000, 0x0000000082000000| Untracked 
|  33|0x0000000082100000, 0x0000000082200000, 0x0000000082200000|100%| O|  |TAMS 0x0000000082200000, 0x0000000082100000| Untracked 
|  34|0x0000000082200000, 0x0000000082300000, 0x0000000082300000|100%| O|  |TAMS 0x0000000082300000, 0x0000000082200000| Untracked 
|  35|0x0000000082300000, 0x0000000082400000, 0x0000000082400000|100%| O|  |TAMS 0x0000000082400000, 0x0000000082300000| Untracked 
|  36|0x0000000082400000, 0x0000000082500000, 0x0000000082500000|100%| O|  |TAMS 0x0000000082500000, 0x0000000082400000| Untracked 
|  37|0x0000000082500000, 0x0000000082600000, 0x0000000082600000|100%| O|  |TAMS 0x0000000082600000, 0x0000000082500000| Untracked 
|  38|0x0000000082600000, 0x0000000082700000, 0x0000000082700000|100%| O|  |TAMS 0x0000000082700000, 0x0000000082600000| Untracked 
|  39|0x0000000082700000, 0x0000000082800000, 0x0000000082800000|100%| O|  |TAMS 0x0000000082800000, 0x0000000082700000| Untracked 
|  40|0x0000000082800000, 0x0000000082900000, 0x0000000082900000|100%| O|  |TAMS 0x0000000082900000, 0x0000000082800000| Untracked 
|  41|0x0000000082900000, 0x0000000082a00000, 0x0000000082a00000|100%| O|  |TAMS 0x0000000082a00000, 0x0000000082900000| Untracked 
|  42|0x0000000082a00000, 0x0000000082b00000, 0x0000000082b00000|100%| O|  |TAMS 0x0000000082b00000, 0x0000000082a00000| Untracked 
|  43|0x0000000082b00000, 0x0000000082c00000, 0x0000000082c00000|100%|HS|  |TAMS 0x0000000082c00000, 0x0000000082b00000| Complete 
|  44|0x0000000082c00000, 0x0000000082d00000, 0x0000000082d00000|100%|HC|  |TAMS 0x0000000082d00000, 0x0000000082c00000| Complete 
|  45|0x0000000082d00000, 0x0000000082e00000, 0x0000000082e00000|100%|HC|  |TAMS 0x0000000082e00000, 0x0000000082d00000| Complete 
|  46|0x0000000082e00000, 0x0000000082f00000, 0x0000000082f00000|100%| O|  |TAMS 0x0000000082f00000, 0x0000000082e00000| Untracked 
|  47|0x0000000082f00000, 0x0000000083000000, 0x0000000083000000|100%| O|  |TAMS 0x0000000083000000, 0x0000000082f00000| Untracked 
|  48|0x0000000083000000, 0x0000000083100000, 0x0000000083100000|100%| O|  |TAMS 0x0000000083100000, 0x0000000083000000| Untracked 
|  49|0x0000000083100000, 0x0000000083200000, 0x0000000083200000|100%| O|  |TAMS 0x0000000083200000, 0x0000000083100000| Untracked 
|  50|0x0000000083200000, 0x0000000083300000, 0x0000000083300000|100%| O|  |TAMS 0x0000000083300000, 0x0000000083200000| Untracked 
|  51|0x0000000083300000, 0x0000000083400000, 0x0000000083400000|100%| O|  |TAMS 0x0000000083400000, 0x0000000083300000| Untracked 
|  52|0x0000000083400000, 0x0000000083500000, 0x0000000083500000|100%| O|  |TAMS 0x0000000083500000, 0x0000000083400000| Untracked 
|  53|0x0000000083500000, 0x0000000083600000, 0x0000000083600000|100%|HS|  |TAMS 0x0000000083600000, 0x0000000083500000| Complete 
|  54|0x0000000083600000, 0x0000000083700000, 0x0000000083700000|100%|HC|  |TAMS 0x0000000083700000, 0x0000000083600000| Complete 
|  55|0x0000000083700000, 0x0000000083800000, 0x0000000083800000|100%|HC|  |TAMS 0x0000000083800000, 0x0000000083700000| Complete 
|  56|0x0000000083800000, 0x0000000083900000, 0x0000000083900000|100%|HC|  |TAMS 0x0000000083900000, 0x0000000083800000| Complete 
|  57|0x0000000083900000, 0x0000000083a00000, 0x0000000083a00000|100%| O|  |TAMS 0x0000000083a00000, 0x0000000083900000| Untracked 
|  58|0x0000000083a00000, 0x0000000083b00000, 0x0000000083b00000|100%| O|  |TAMS 0x0000000083b00000, 0x0000000083a00000| Untracked 
|  59|0x0000000083b00000, 0x0000000083c00000, 0x0000000083c00000|100%| O|  |TAMS 0x0000000083c00000, 0x0000000083b00000| Untracked 
|  60|0x0000000083c00000, 0x0000000083d00000, 0x0000000083d00000|100%|HS|  |TAMS 0x0000000083d00000, 0x0000000083c00000| Complete 
|  61|0x0000000083d00000, 0x0000000083e00000, 0x0000000083e00000|100%| O|  |TAMS 0x0000000083e00000, 0x0000000083d00000| Untracked 
|  62|0x0000000083e00000, 0x0000000083f00000, 0x0000000083f00000|100%|HS|  |TAMS 0x0000000083f00000, 0x0000000083e00000| Complete 
|  63|0x0000000083f00000, 0x0000000084000000, 0x0000000084000000|100%| O|  |TAMS 0x0000000084000000, 0x0000000083f00000| Untracked 
|  64|0x0000000084000000, 0x0000000084100000, 0x0000000084100000|100%| O|  |TAMS 0x0000000084100000, 0x0000000084000000| Untracked 
|  65|0x0000000084100000, 0x0000000084200000, 0x0000000084200000|100%| O|  |TAMS 0x0000000084200000, 0x0000000084100000| Untracked 
|  66|0x0000000084200000, 0x0000000084300000, 0x0000000084300000|100%|HS|  |TAMS 0x0000000084300000, 0x0000000084200000| Complete 
|  67|0x0000000084300000, 0x0000000084400000, 0x0000000084400000|100%|HC|  |TAMS 0x0000000084400000, 0x0000000084300000| Complete 
|  68|0x0000000084400000, 0x0000000084500000, 0x0000000084500000|100%| O|  |TAMS 0x0000000084500000, 0x0000000084400000| Untracked 
|  69|0x0000000084500000, 0x0000000084600000, 0x0000000084600000|100%| O|  |TAMS 0x0000000084600000, 0x0000000084500000| Untracked 
|  70|0x0000000084600000, 0x0000000084700000, 0x0000000084700000|100%| O|  |TAMS 0x0000000084700000, 0x0000000084600000| Untracked 
|  71|0x0000000084700000, 0x0000000084800000, 0x0000000084800000|100%| O|  |TAMS 0x0000000084800000, 0x0000000084700000| Untracked 
|  72|0x0000000084800000, 0x0000000084900000, 0x0000000084900000|100%| O|  |TAMS 0x0000000084900000, 0x0000000084800000| Untracked 
|  73|0x0000000084900000, 0x0000000084a00000, 0x0000000084a00000|100%| O|  |TAMS 0x0000000084a00000, 0x0000000084900000| Untracked 
|  74|0x0000000084a00000, 0x0000000084b00000, 0x0000000084b00000|100%| O|  |TAMS 0x0000000084b00000, 0x0000000084a00000| Untracked 
|  75|0x0000000084b00000, 0x0000000084c00000, 0x0000000084c00000|100%| O|  |TAMS 0x0000000084c00000, 0x0000000084b00000| Untracked 
|  76|0x0000000084c00000, 0x0000000084d00000, 0x0000000084d00000|100%| O|  |TAMS 0x0000000084d00000, 0x0000000084c00000| Untracked 
|  77|0x0000000084d00000, 0x0000000084e00000, 0x0000000084e00000|100%| O|  |TAMS 0x0000000084e00000, 0x0000000084d00000| Untracked 
|  78|0x0000000084e00000, 0x0000000084f00000, 0x0000000084f00000|100%| O|  |TAMS 0x0000000084f00000, 0x0000000084e00000| Untracked 
|  79|0x0000000084f00000, 0x0000000085000000, 0x0000000085000000|100%| O|  |TAMS 0x0000000085000000, 0x0000000084f00000| Untracked 
|  80|0x0000000085000000, 0x0000000085100000, 0x0000000085100000|100%| O|  |TAMS 0x0000000085100000, 0x0000000085000000| Untracked 
|  81|0x0000000085100000, 0x0000000085200000, 0x0000000085200000|100%| O|  |TAMS 0x0000000085200000, 0x0000000085100000| Untracked 
|  82|0x0000000085200000, 0x0000000085300000, 0x0000000085300000|100%| O|  |TAMS 0x0000000085300000, 0x0000000085200000| Untracked 
|  83|0x0000000085300000, 0x0000000085400000, 0x0000000085400000|100%| O|  |TAMS 0x0000000085400000, 0x0000000085300000| Untracked 
|  84|0x0000000085400000, 0x0000000085500000, 0x0000000085500000|100%|HS|  |TAMS 0x0000000085500000, 0x0000000085400000| Complete 
|  85|0x0000000085500000, 0x0000000085600000, 0x0000000085600000|100%|HC|  |TAMS 0x0000000085600000, 0x0000000085500000| Complete 
|  86|0x0000000085600000, 0x0000000085700000, 0x0000000085700000|100%|HS|  |TAMS 0x0000000085700000, 0x0000000085600000| Complete 
|  87|0x0000000085700000, 0x0000000085800000, 0x0000000085800000|100%|HC|  |TAMS 0x0000000085800000, 0x0000000085700000| Complete 
|  88|0x0000000085800000, 0x0000000085900000, 0x0000000085900000|100%|HC|  |TAMS 0x0000000085900000, 0x0000000085800000| Complete 
|  89|0x0000000085900000, 0x0000000085a00000, 0x0000000085a00000|100%|HS|  |TAMS 0x0000000085a00000, 0x0000000085900000| Complete 
|  90|0x0000000085a00000, 0x0000000085b00000, 0x0000000085b00000|100%|HC|  |TAMS 0x0000000085b00000, 0x0000000085a00000| Complete 
|  91|0x0000000085b00000, 0x0000000085c00000, 0x0000000085c00000|100%|HC|  |TAMS 0x0000000085c00000, 0x0000000085b00000| Complete 
|  92|0x0000000085c00000, 0x0000000085d00000, 0x0000000085d00000|100%|HC|  |TAMS 0x0000000085d00000, 0x0000000085c00000| Complete 
|  93|0x0000000085d00000, 0x0000000085e00000, 0x0000000085e00000|100%| O|  |TAMS 0x0000000085e00000, 0x0000000085d00000| Untracked 
|  94|0x0000000085e00000, 0x0000000085f00000, 0x0000000085f00000|100%| O|  |TAMS 0x0000000085f00000, 0x0000000085e00000| Untracked 
|  95|0x0000000085f00000, 0x0000000086000000, 0x0000000086000000|100%| O|  |TAMS 0x0000000086000000, 0x0000000085f00000| Untracked 
|  96|0x0000000086000000, 0x0000000086100000, 0x0000000086100000|100%| O|  |TAMS 0x0000000086100000, 0x0000000086000000| Untracked 
|  97|0x0000000086100000, 0x0000000086200000, 0x0000000086200000|100%| O|  |TAMS 0x0000000086200000, 0x0000000086100000| Untracked 
|  98|0x0000000086200000, 0x0000000086300000, 0x0000000086300000|100%| O|  |TAMS 0x0000000086300000, 0x0000000086200000| Untracked 
|  99|0x0000000086300000, 0x0000000086400000, 0x0000000086400000|100%| O|  |TAMS 0x0000000086400000, 0x0000000086300000| Untracked 
| 100|0x0000000086400000, 0x0000000086500000, 0x0000000086500000|100%| O|  |TAMS 0x0000000086500000, 0x0000000086400000| Untracked 
| 101|0x0000000086500000, 0x0000000086600000, 0x0000000086600000|100%| O|  |TAMS 0x0000000086600000, 0x0000000086500000| Untracked 
| 102|0x0000000086600000, 0x0000000086700000, 0x0000000086700000|100%| O|  |TAMS 0x0000000086658c00, 0x0000000086600000| Untracked 
| 103|0x0000000086700000, 0x0000000086800000, 0x0000000086800000|100%| O|  |TAMS 0x0000000086700000, 0x0000000086700000| Untracked 
| 104|0x0000000086800000, 0x0000000086827600, 0x0000000086900000| 15%| O|  |TAMS 0x0000000086800000, 0x0000000086800000| Untracked 
| 105|0x0000000086900000, 0x0000000086900000, 0x0000000086a00000|  0%| F|  |TAMS 0x0000000086900000, 0x0000000086900000| Untracked 
| 106|0x0000000086a00000, 0x0000000086a00000, 0x0000000086b00000|  0%| F|  |TAMS 0x0000000086a00000, 0x0000000086a00000| Untracked 
| 107|0x0000000086b00000, 0x0000000086b00000, 0x0000000086c00000|  0%| F|  |TAMS 0x0000000086b00000, 0x0000000086b00000| Untracked 
| 108|0x0000000086c00000, 0x0000000086c00000, 0x0000000086d00000|  0%| F|  |TAMS 0x0000000086c00000, 0x0000000086c00000| Untracked 
| 109|0x0000000086d00000, 0x0000000086d00000, 0x0000000086e00000|  0%| F|  |TAMS 0x0000000086d00000, 0x0000000086d00000| Untracked 
| 110|0x0000000086e00000, 0x0000000086e00000, 0x0000000086f00000|  0%| F|  |TAMS 0x0000000086e00000, 0x0000000086e00000| Untracked 
| 111|0x0000000086f00000, 0x0000000086f00000, 0x0000000087000000|  0%| F|  |TAMS 0x0000000086f00000, 0x0000000086f00000| Untracked 
| 112|0x0000000087000000, 0x0000000087000000, 0x0000000087100000|  0%| F|  |TAMS 0x0000000087000000, 0x0000000087000000| Untracked 
| 113|0x0000000087100000, 0x0000000087100000, 0x0000000087200000|  0%| F|  |TAMS 0x0000000087100000, 0x0000000087100000| Untracked 
| 114|0x0000000087200000, 0x0000000087200000, 0x0000000087300000|  0%| F|  |TAMS 0x0000000087200000, 0x0000000087200000| Untracked 
| 115|0x0000000087300000, 0x0000000087300000, 0x0000000087400000|  0%| F|  |TAMS 0x0000000087300000, 0x0000000087300000| Untracked 
| 116|0x0000000087400000, 0x0000000087400000, 0x0000000087500000|  0%| F|  |TAMS 0x0000000087400000, 0x0000000087400000| Untracked 
| 117|0x0000000087500000, 0x0000000087500000, 0x0000000087600000|  0%| F|  |TAMS 0x0000000087500000, 0x0000000087500000| Untracked 
| 118|0x0000000087600000, 0x0000000087600000, 0x0000000087700000|  0%| F|  |TAMS 0x0000000087600000, 0x0000000087600000| Untracked 
| 119|0x0000000087700000, 0x0000000087700000, 0x0000000087800000|  0%| F|  |TAMS 0x0000000087700000, 0x0000000087700000| Untracked 
| 120|0x0000000087800000, 0x0000000087800000, 0x0000000087900000|  0%| F|  |TAMS 0x0000000087800000, 0x0000000087800000| Untracked 
| 121|0x0000000087900000, 0x0000000087900000, 0x0000000087a00000|  0%| F|  |TAMS 0x0000000087900000, 0x0000000087900000| Untracked 
| 122|0x0000000087a00000, 0x0000000087a00000, 0x0000000087b00000|  0%| F|  |TAMS 0x0000000087a00000, 0x0000000087a00000| Untracked 
| 123|0x0000000087b00000, 0x0000000087b00000, 0x0000000087c00000|  0%| F|  |TAMS 0x0000000087b00000, 0x0000000087b00000| Untracked 
| 124|0x0000000087c00000, 0x0000000087c00000, 0x0000000087d00000|  0%| F|  |TAMS 0x0000000087c00000, 0x0000000087c00000| Untracked 
| 125|0x0000000087d00000, 0x0000000087d00000, 0x0000000087e00000|  0%| F|  |TAMS 0x0000000087d00000, 0x0000000087d00000| Untracked 
| 126|0x0000000087e00000, 0x0000000087e00000, 0x0000000087f00000|  0%| F|  |TAMS 0x0000000087e00000, 0x0000000087e00000| Untracked 
| 127|0x0000000087f00000, 0x0000000087f00000, 0x0000000088000000|  0%| F|  |TAMS 0x0000000087f00000, 0x0000000087f00000| Untracked 
| 128|0x0000000088000000, 0x0000000088000000, 0x0000000088100000|  0%| F|  |TAMS 0x0000000088000000, 0x0000000088000000| Untracked 
| 129|0x0000000088100000, 0x0000000088100000, 0x0000000088200000|  0%| F|  |TAMS 0x0000000088100000, 0x0000000088100000| Untracked 
| 130|0x0000000088200000, 0x0000000088200000, 0x0000000088300000|  0%| F|  |TAMS 0x0000000088200000, 0x0000000088200000| Untracked 
| 131|0x0000000088300000, 0x0000000088300000, 0x0000000088400000|  0%| F|  |TAMS 0x0000000088300000, 0x0000000088300000| Untracked 
| 132|0x0000000088400000, 0x0000000088400000, 0x0000000088500000|  0%| F|  |TAMS 0x0000000088400000, 0x0000000088400000| Untracked 
| 133|0x0000000088500000, 0x0000000088500000, 0x0000000088600000|  0%| F|  |TAMS 0x0000000088500000, 0x0000000088500000| Untracked 
| 134|0x0000000088600000, 0x0000000088600000, 0x0000000088700000|  0%| F|  |TAMS 0x0000000088600000, 0x0000000088600000| Untracked 
| 135|0x0000000088700000, 0x0000000088700000, 0x0000000088800000|  0%| F|  |TAMS 0x0000000088700000, 0x0000000088700000| Untracked 
| 136|0x0000000088800000, 0x0000000088800000, 0x0000000088900000|  0%| F|  |TAMS 0x0000000088800000, 0x0000000088800000| Untracked 
| 137|0x0000000088900000, 0x0000000088900000, 0x0000000088a00000|  0%| F|  |TAMS 0x0000000088900000, 0x0000000088900000| Untracked 
| 138|0x0000000088a00000, 0x0000000088a00000, 0x0000000088b00000|  0%| F|  |TAMS 0x0000000088a00000, 0x0000000088a00000| Untracked 
| 139|0x0000000088b00000, 0x0000000088c00000, 0x0000000088c00000|100%| S|CS|TAMS 0x0000000088b00000, 0x0000000088b00000| Complete 
| 140|0x0000000088c00000, 0x0000000088d00000, 0x0000000088d00000|100%| S|CS|TAMS 0x0000000088c00000, 0x0000000088c00000| Complete 
| 141|0x0000000088d00000, 0x0000000088e00000, 0x0000000088e00000|100%| S|CS|TAMS 0x0000000088d00000, 0x0000000088d00000| Complete 
| 142|0x0000000088e00000, 0x0000000088f00000, 0x0000000088f00000|100%| S|CS|TAMS 0x0000000088e00000, 0x0000000088e00000| Complete 
| 143|0x0000000088f00000, 0x0000000088f00000, 0x0000000089000000|  0%| F|  |TAMS 0x0000000088f00000, 0x0000000088f00000| Untracked 
| 144|0x0000000089000000, 0x0000000089000000, 0x0000000089100000|  0%| F|  |TAMS 0x0000000089000000, 0x0000000089000000| Untracked 
| 145|0x0000000089100000, 0x0000000089100000, 0x0000000089200000|  0%| F|  |TAMS 0x0000000089100000, 0x0000000089100000| Untracked 
| 146|0x0000000089200000, 0x0000000089200000, 0x0000000089300000|  0%| F|  |TAMS 0x0000000089200000, 0x0000000089200000| Untracked 
| 147|0x0000000089300000, 0x0000000089300000, 0x0000000089400000|  0%| F|  |TAMS 0x0000000089300000, 0x0000000089300000| Untracked 
| 148|0x0000000089400000, 0x0000000089400000, 0x0000000089500000|  0%| F|  |TAMS 0x0000000089400000, 0x0000000089400000| Untracked 
| 149|0x0000000089500000, 0x0000000089500000, 0x0000000089600000|  0%| F|  |TAMS 0x0000000089500000, 0x0000000089500000| Untracked 
| 150|0x0000000089600000, 0x0000000089600000, 0x0000000089700000|  0%| F|  |TAMS 0x0000000089600000, 0x0000000089600000| Untracked 
| 151|0x0000000089700000, 0x0000000089700000, 0x0000000089800000|  0%| F|  |TAMS 0x0000000089700000, 0x0000000089700000| Untracked 
| 152|0x0000000089800000, 0x0000000089800000, 0x0000000089900000|  0%| F|  |TAMS 0x0000000089800000, 0x0000000089800000| Untracked 
| 153|0x0000000089900000, 0x0000000089900000, 0x0000000089a00000|  0%| F|  |TAMS 0x0000000089900000, 0x0000000089900000| Untracked 
| 154|0x0000000089a00000, 0x0000000089a00000, 0x0000000089b00000|  0%| F|  |TAMS 0x0000000089a00000, 0x0000000089a00000| Untracked 
| 155|0x0000000089b00000, 0x0000000089b00000, 0x0000000089c00000|  0%| F|  |TAMS 0x0000000089b00000, 0x0000000089b00000| Untracked 
| 156|0x0000000089c00000, 0x0000000089c00000, 0x0000000089d00000|  0%| F|  |TAMS 0x0000000089c00000, 0x0000000089c00000| Untracked 
| 157|0x0000000089d00000, 0x0000000089d00000, 0x0000000089e00000|  0%| F|  |TAMS 0x0000000089d00000, 0x0000000089d00000| Untracked 
| 158|0x0000000089e00000, 0x0000000089e00000, 0x0000000089f00000|  0%| F|  |TAMS 0x0000000089e00000, 0x0000000089e00000| Untracked 
| 159|0x0000000089f00000, 0x0000000089f00000, 0x000000008a000000|  0%| F|  |TAMS 0x0000000089f00000, 0x0000000089f00000| Untracked 
| 160|0x000000008a000000, 0x000000008a000000, 0x000000008a100000|  0%| F|  |TAMS 0x000000008a000000, 0x000000008a000000| Untracked 
| 161|0x000000008a100000, 0x000000008a100000, 0x000000008a200000|  0%| F|  |TAMS 0x000000008a100000, 0x000000008a100000| Untracked 
| 162|0x000000008a200000, 0x000000008a200000, 0x000000008a300000|  0%| F|  |TAMS 0x000000008a200000, 0x000000008a200000| Untracked 
| 163|0x000000008a300000, 0x000000008a300000, 0x000000008a400000|  0%| F|  |TAMS 0x000000008a300000, 0x000000008a300000| Untracked 
| 164|0x000000008a400000, 0x000000008a400000, 0x000000008a500000|  0%| F|  |TAMS 0x000000008a400000, 0x000000008a400000| Untracked 
| 165|0x000000008a500000, 0x000000008a500000, 0x000000008a600000|  0%| F|  |TAMS 0x000000008a500000, 0x000000008a500000| Untracked 
| 166|0x000000008a600000, 0x000000008a600000, 0x000000008a700000|  0%| F|  |TAMS 0x000000008a600000, 0x000000008a600000| Untracked 
| 167|0x000000008a700000, 0x000000008a700000, 0x000000008a800000|  0%| F|  |TAMS 0x000000008a700000, 0x000000008a700000| Untracked 
| 168|0x000000008a800000, 0x000000008a800000, 0x000000008a900000|  0%| F|  |TAMS 0x000000008a800000, 0x000000008a800000| Untracked 
| 169|0x000000008a900000, 0x000000008a900000, 0x000000008aa00000|  0%| F|  |TAMS 0x000000008a900000, 0x000000008a900000| Untracked 
| 170|0x000000008aa00000, 0x000000008aa00000, 0x000000008ab00000|  0%| F|  |TAMS 0x000000008aa00000, 0x000000008aa00000| Untracked 
| 171|0x000000008ab00000, 0x000000008ab00000, 0x000000008ac00000|  0%| F|  |TAMS 0x000000008ab00000, 0x000000008ab00000| Untracked 
| 172|0x000000008ac00000, 0x000000008ac00000, 0x000000008ad00000|  0%| F|  |TAMS 0x000000008ac00000, 0x000000008ac00000| Untracked 
| 173|0x000000008ad00000, 0x000000008ad00000, 0x000000008ae00000|  0%| F|  |TAMS 0x000000008ad00000, 0x000000008ad00000| Untracked 
| 174|0x000000008ae00000, 0x000000008ae00000, 0x000000008af00000|  0%| F|  |TAMS 0x000000008ae00000, 0x000000008ae00000| Untracked 
| 175|0x000000008af00000, 0x000000008af00000, 0x000000008b000000|  0%| F|  |TAMS 0x000000008af00000, 0x000000008af00000| Untracked 
| 176|0x000000008b000000, 0x000000008b000000, 0x000000008b100000|  0%| F|  |TAMS 0x000000008b000000, 0x000000008b000000| Untracked 
| 177|0x000000008b100000, 0x000000008b100000, 0x000000008b200000|  0%| F|  |TAMS 0x000000008b100000, 0x000000008b100000| Untracked 
| 178|0x000000008b200000, 0x000000008b200000, 0x000000008b300000|  0%| F|  |TAMS 0x000000008b200000, 0x000000008b200000| Untracked 
| 179|0x000000008b300000, 0x000000008b300000, 0x000000008b400000|  0%| F|  |TAMS 0x000000008b300000, 0x000000008b300000| Untracked 
| 180|0x000000008b400000, 0x000000008b400000, 0x000000008b500000|  0%| F|  |TAMS 0x000000008b400000, 0x000000008b400000| Untracked 
| 181|0x000000008b500000, 0x000000008b500000, 0x000000008b600000|  0%| F|  |TAMS 0x000000008b500000, 0x000000008b500000| Untracked 
| 182|0x000000008b600000, 0x000000008b600000, 0x000000008b700000|  0%| F|  |TAMS 0x000000008b600000, 0x000000008b600000| Untracked 
| 183|0x000000008b700000, 0x000000008b700000, 0x000000008b800000|  0%| F|  |TAMS 0x000000008b700000, 0x000000008b700000| Untracked 
| 184|0x000000008b800000, 0x000000008b800000, 0x000000008b900000|  0%| F|  |TAMS 0x000000008b800000, 0x000000008b800000| Untracked 
| 185|0x000000008b900000, 0x000000008b900000, 0x000000008ba00000|  0%| F|  |TAMS 0x000000008b900000, 0x000000008b900000| Untracked 
| 186|0x000000008ba00000, 0x000000008ba00000, 0x000000008bb00000|  0%| F|  |TAMS 0x000000008ba00000, 0x000000008ba00000| Untracked 
| 187|0x000000008bb00000, 0x000000008bb00000, 0x000000008bc00000|  0%| F|  |TAMS 0x000000008bb00000, 0x000000008bb00000| Untracked 
| 188|0x000000008bc00000, 0x000000008bc00000, 0x000000008bd00000|  0%| F|  |TAMS 0x000000008bc00000, 0x000000008bc00000| Untracked 
| 189|0x000000008bd00000, 0x000000008bd00000, 0x000000008be00000|  0%| F|  |TAMS 0x000000008bd00000, 0x000000008bd00000| Untracked 
| 190|0x000000008be00000, 0x000000008be00000, 0x000000008bf00000|  0%| F|  |TAMS 0x000000008be00000, 0x000000008be00000| Untracked 
| 191|0x000000008bf00000, 0x000000008bf00000, 0x000000008c000000|  0%| F|  |TAMS 0x000000008bf00000, 0x000000008bf00000| Untracked 
| 192|0x000000008c000000, 0x000000008c000000, 0x000000008c100000|  0%| F|  |TAMS 0x000000008c000000, 0x000000008c000000| Untracked 
| 193|0x000000008c100000, 0x000000008c100000, 0x000000008c200000|  0%| F|  |TAMS 0x000000008c100000, 0x000000008c100000| Untracked 
| 194|0x000000008c200000, 0x000000008c200000, 0x000000008c300000|  0%| F|  |TAMS 0x000000008c200000, 0x000000008c200000| Untracked 
| 195|0x000000008c300000, 0x000000008c300000, 0x000000008c400000|  0%| F|  |TAMS 0x000000008c300000, 0x000000008c300000| Untracked 
| 196|0x000000008c400000, 0x000000008c400000, 0x000000008c500000|  0%| F|  |TAMS 0x000000008c400000, 0x000000008c400000| Untracked 
| 197|0x000000008c500000, 0x000000008c500000, 0x000000008c600000|  0%| F|  |TAMS 0x000000008c500000, 0x000000008c500000| Untracked 
| 198|0x000000008c600000, 0x000000008c600000, 0x000000008c700000|  0%| F|  |TAMS 0x000000008c600000, 0x000000008c600000| Untracked 
| 199|0x000000008c700000, 0x000000008c700000, 0x000000008c800000|  0%| F|  |TAMS 0x000000008c700000, 0x000000008c700000| Untracked 
| 200|0x000000008c800000, 0x000000008c800000, 0x000000008c900000|  0%| F|  |TAMS 0x000000008c800000, 0x000000008c800000| Untracked 
| 201|0x000000008c900000, 0x000000008c900000, 0x000000008ca00000|  0%| F|  |TAMS 0x000000008c900000, 0x000000008c900000| Untracked 
| 202|0x000000008ca00000, 0x000000008ca00000, 0x000000008cb00000|  0%| F|  |TAMS 0x000000008ca00000, 0x000000008ca00000| Untracked 
| 203|0x000000008cb00000, 0x000000008cb00000, 0x000000008cc00000|  0%| F|  |TAMS 0x000000008cb00000, 0x000000008cb00000| Untracked 
| 204|0x000000008cc00000, 0x000000008cc00000, 0x000000008cd00000|  0%| F|  |TAMS 0x000000008cc00000, 0x000000008cc00000| Untracked 
| 205|0x000000008cd00000, 0x000000008cd00000, 0x000000008ce00000|  0%| F|  |TAMS 0x000000008cd00000, 0x000000008cd00000| Untracked 
| 206|0x000000008ce00000, 0x000000008ce00000, 0x000000008cf00000|  0%| F|  |TAMS 0x000000008ce00000, 0x000000008ce00000| Untracked 
| 207|0x000000008cf00000, 0x000000008cf00000, 0x000000008d000000|  0%| F|  |TAMS 0x000000008cf00000, 0x000000008cf00000| Untracked 
| 208|0x000000008d000000, 0x000000008d000000, 0x000000008d100000|  0%| F|  |TAMS 0x000000008d000000, 0x000000008d000000| Untracked 
| 209|0x000000008d100000, 0x000000008d100000, 0x000000008d200000|  0%| F|  |TAMS 0x000000008d100000, 0x000000008d100000| Untracked 
| 210|0x000000008d200000, 0x000000008d200000, 0x000000008d300000|  0%| F|  |TAMS 0x000000008d200000, 0x000000008d200000| Untracked 
| 211|0x000000008d300000, 0x000000008d300000, 0x000000008d400000|  0%| F|  |TAMS 0x000000008d300000, 0x000000008d300000| Untracked 
| 212|0x000000008d400000, 0x000000008d400000, 0x000000008d500000|  0%| F|  |TAMS 0x000000008d400000, 0x000000008d400000| Untracked 
| 213|0x000000008d500000, 0x000000008d500000, 0x000000008d600000|  0%| F|  |TAMS 0x000000008d500000, 0x000000008d500000| Untracked 
| 214|0x000000008d600000, 0x000000008d600000, 0x000000008d700000|  0%| F|  |TAMS 0x000000008d600000, 0x000000008d600000| Untracked 
| 215|0x000000008d700000, 0x000000008d700000, 0x000000008d800000|  0%| F|  |TAMS 0x000000008d700000, 0x000000008d700000| Untracked 
| 216|0x000000008d800000, 0x000000008d800000, 0x000000008d900000|  0%| F|  |TAMS 0x000000008d800000, 0x000000008d800000| Untracked 
| 217|0x000000008d900000, 0x000000008d900000, 0x000000008da00000|  0%| F|  |TAMS 0x000000008d900000, 0x000000008d900000| Untracked 
| 218|0x000000008da00000, 0x000000008da00000, 0x000000008db00000|  0%| F|  |TAMS 0x000000008da00000, 0x000000008da00000| Untracked 
| 219|0x000000008db00000, 0x000000008db00000, 0x000000008dc00000|  0%| F|  |TAMS 0x000000008db00000, 0x000000008db00000| Untracked 
| 220|0x000000008dc00000, 0x000000008dc00000, 0x000000008dd00000|  0%| F|  |TAMS 0x000000008dc00000, 0x000000008dc00000| Untracked 
| 221|0x000000008dd00000, 0x000000008dd00000, 0x000000008de00000|  0%| F|  |TAMS 0x000000008dd00000, 0x000000008dd00000| Untracked 
| 222|0x000000008de00000, 0x000000008de00000, 0x000000008df00000|  0%| F|  |TAMS 0x000000008de00000, 0x000000008de00000| Untracked 
| 223|0x000000008df00000, 0x000000008df00000, 0x000000008e000000|  0%| F|  |TAMS 0x000000008df00000, 0x000000008df00000| Untracked 
| 224|0x000000008e000000, 0x000000008e000000, 0x000000008e100000|  0%| F|  |TAMS 0x000000008e000000, 0x000000008e000000| Untracked 
| 225|0x000000008e100000, 0x000000008e100000, 0x000000008e200000|  0%| F|  |TAMS 0x000000008e100000, 0x000000008e100000| Untracked 
| 226|0x000000008e200000, 0x000000008e200000, 0x000000008e300000|  0%| F|  |TAMS 0x000000008e200000, 0x000000008e200000| Untracked 
| 227|0x000000008e300000, 0x000000008e300000, 0x000000008e400000|  0%| F|  |TAMS 0x000000008e300000, 0x000000008e300000| Untracked 
| 228|0x000000008e400000, 0x000000008e400000, 0x000000008e500000|  0%| F|  |TAMS 0x000000008e400000, 0x000000008e400000| Untracked 
| 229|0x000000008e500000, 0x000000008e500000, 0x000000008e600000|  0%| F|  |TAMS 0x000000008e500000, 0x000000008e500000| Untracked 
| 230|0x000000008e600000, 0x000000008e600000, 0x000000008e700000|  0%| F|  |TAMS 0x000000008e600000, 0x000000008e600000| Untracked 
| 231|0x000000008e700000, 0x000000008e700000, 0x000000008e800000|  0%| F|  |TAMS 0x000000008e700000, 0x000000008e700000| Untracked 
| 232|0x000000008e800000, 0x000000008e800000, 0x000000008e900000|  0%| F|  |TAMS 0x000000008e800000, 0x000000008e800000| Untracked 
| 233|0x000000008e900000, 0x000000008e900000, 0x000000008ea00000|  0%| F|  |TAMS 0x000000008e900000, 0x000000008e900000| Untracked 
| 234|0x000000008ea00000, 0x000000008ea00000, 0x000000008eb00000|  0%| F|  |TAMS 0x000000008ea00000, 0x000000008ea00000| Untracked 
| 235|0x000000008eb00000, 0x000000008eb00000, 0x000000008ec00000|  0%| F|  |TAMS 0x000000008eb00000, 0x000000008eb00000| Untracked 
| 236|0x000000008ec00000, 0x000000008ec00000, 0x000000008ed00000|  0%| F|  |TAMS 0x000000008ec00000, 0x000000008ec00000| Untracked 
| 237|0x000000008ed00000, 0x000000008ed00000, 0x000000008ee00000|  0%| F|  |TAMS 0x000000008ed00000, 0x000000008ed00000| Untracked 
| 238|0x000000008ee00000, 0x000000008ee00000, 0x000000008ef00000|  0%| F|  |TAMS 0x000000008ee00000, 0x000000008ee00000| Untracked 
| 239|0x000000008ef00000, 0x000000008ef00000, 0x000000008f000000|  0%| F|  |TAMS 0x000000008ef00000, 0x000000008ef00000| Untracked 
| 240|0x000000008f000000, 0x000000008f000000, 0x000000008f100000|  0%| F|  |TAMS 0x000000008f000000, 0x000000008f000000| Untracked 
| 241|0x000000008f100000, 0x000000008f100000, 0x000000008f200000|  0%| F|  |TAMS 0x000000008f100000, 0x000000008f100000| Untracked 
| 242|0x000000008f200000, 0x000000008f200000, 0x000000008f300000|  0%| F|  |TAMS 0x000000008f200000, 0x000000008f200000| Untracked 
| 243|0x000000008f300000, 0x000000008f300000, 0x000000008f400000|  0%| F|  |TAMS 0x000000008f300000, 0x000000008f300000| Untracked 
| 244|0x000000008f400000, 0x000000008f400000, 0x000000008f500000|  0%| F|  |TAMS 0x000000008f400000, 0x000000008f400000| Untracked 
| 245|0x000000008f500000, 0x000000008f500000, 0x000000008f600000|  0%| F|  |TAMS 0x000000008f500000, 0x000000008f500000| Untracked 
| 246|0x000000008f600000, 0x000000008f600000, 0x000000008f700000|  0%| F|  |TAMS 0x000000008f600000, 0x000000008f600000| Untracked 
| 247|0x000000008f700000, 0x000000008f700000, 0x000000008f800000|  0%| F|  |TAMS 0x000000008f700000, 0x000000008f700000| Untracked 
| 248|0x000000008f800000, 0x000000008f800000, 0x000000008f900000|  0%| F|  |TAMS 0x000000008f800000, 0x000000008f800000| Untracked 
| 249|0x000000008f900000, 0x000000008f900000, 0x000000008fa00000|  0%| F|  |TAMS 0x000000008f900000, 0x000000008f900000| Untracked 
| 250|0x000000008fa00000, 0x000000008fa00000, 0x000000008fb00000|  0%| F|  |TAMS 0x000000008fa00000, 0x000000008fa00000| Untracked 
| 251|0x000000008fb00000, 0x000000008fb00000, 0x000000008fc00000|  0%| F|  |TAMS 0x000000008fb00000, 0x000000008fb00000| Untracked 
| 252|0x000000008fc00000, 0x000000008fc00000, 0x000000008fd00000|  0%| F|  |TAMS 0x000000008fc00000, 0x000000008fc00000| Untracked 
| 253|0x000000008fd00000, 0x000000008fd00000, 0x000000008fe00000|  0%| F|  |TAMS 0x000000008fd00000, 0x000000008fd00000| Untracked 
| 254|0x000000008fe00000, 0x000000008fe00000, 0x000000008ff00000|  0%| F|  |TAMS 0x000000008fe00000, 0x000000008fe00000| Untracked 
| 255|0x000000008ff00000, 0x000000008ff00000, 0x0000000090000000|  0%| F|  |TAMS 0x000000008ff00000, 0x000000008ff00000| Untracked 
| 256|0x0000000090000000, 0x0000000090000000, 0x0000000090100000|  0%| F|  |TAMS 0x0000000090000000, 0x0000000090000000| Untracked 
| 257|0x0000000090100000, 0x0000000090100000, 0x0000000090200000|  0%| F|  |TAMS 0x0000000090100000, 0x0000000090100000| Untracked 
| 258|0x0000000090200000, 0x0000000090200000, 0x0000000090300000|  0%| F|  |TAMS 0x0000000090200000, 0x0000000090200000| Untracked 
| 259|0x0000000090300000, 0x0000000090300000, 0x0000000090400000|  0%| F|  |TAMS 0x0000000090300000, 0x0000000090300000| Untracked 
| 260|0x0000000090400000, 0x0000000090400000, 0x0000000090500000|  0%| F|  |TAMS 0x0000000090400000, 0x0000000090400000| Untracked 
| 261|0x0000000090500000, 0x0000000090500000, 0x0000000090600000|  0%| F|  |TAMS 0x0000000090500000, 0x0000000090500000| Untracked 
| 262|0x0000000090600000, 0x0000000090600000, 0x0000000090700000|  0%| F|  |TAMS 0x0000000090600000, 0x0000000090600000| Untracked 
| 263|0x0000000090700000, 0x00000000907850b8, 0x0000000090800000| 51%| E|  |TAMS 0x0000000090700000, 0x0000000090700000| Complete 
| 264|0x0000000090800000, 0x0000000090900000, 0x0000000090900000|100%| E|CS|TAMS 0x0000000090800000, 0x0000000090800000| Complete 

Card table byte_map: [0x000001c63dfa0000,0x000001c63e3a0000] _byte_map_base: 0x000001c63dba0000

Marking Bits (Prev, Next): (CMBitMap*) 0x000001c6292d4e80, (CMBitMap*) 0x000001c6292d4e48
 Prev Bits: [0x000001c6407a0000, 0x000001c6427a0000)
 Next Bits: [0x000001c63e7a0000, 0x000001c6407a0000)

Polling page: 0x000001c629120000

Metaspace:

Usage:
  Non-class:     83.08 MB capacity,    81.49 MB ( 98%) used,     1.32 MB (  2%) free+waste,   275.50 KB ( <1%) overhead. 
      Class:     13.04 MB capacity,    12.06 MB ( 93%) used,   867.99 KB (  7%) free+waste,   128.94 KB ( <1%) overhead. 
       Both:     96.12 MB capacity,    93.55 MB ( 97%) used,     2.17 MB (  2%) free+waste,   404.44 KB ( <1%) overhead. 

Virtual space:
  Non-class space:       84.00 MB reserved,      83.25 MB (>99%) committed 
      Class space:        1.00 GB reserved,      13.13 MB (  1%) committed 
             Both:        1.08 GB reserved,      96.38 MB (  9%) committed 

Chunk freelists:
   Non-Class:  45.00 KB
       Class:  26.00 KB
        Both:  71.00 KB

MaxMetaspaceSize: 17179869184.00 GB
CompressedClassSpaceSize: 1.00 GB

CodeHeap 'non-profiled nmethods': size=120064Kb used=6397Kb max_used=6397Kb free=113666Kb
 bounds [0x000001c636040000, 0x000001c636680000, 0x000001c63d580000]
CodeHeap 'profiled nmethods': size=120000Kb used=24282Kb max_used=24282Kb free=95717Kb
 bounds [0x000001c62eb10000, 0x000001c6302d0000, 0x000001c636040000]
CodeHeap 'non-nmethods': size=5696Kb used=2318Kb max_used=2358Kb free=3377Kb
 bounds [0x000001c62e580000, 0x000001c62e7f0000, 0x000001c62eb10000]
 total_blobs=11889 nmethods=10974 adapters=826
 compilation: enabled
              stopped_count=0, restarted_count=0
 full_count=0

Compilation events (20 events):
Event: 64.141 Thread 0x000001c645619000 11029       3       com.android.tools.r8.graph.a0::F (30 bytes)
Event: 64.141 Thread 0x000001c645619000 nmethod 11029 0x000001c6302c3e90 code [0x000001c6302c4080, 0x000001c6302c42c8]
Event: 64.142 Thread 0x000001c645619000 11031       3       com.android.tools.r8.graph.c0::a (258 bytes)
Event: 64.143 Thread 0x000001c645619000 nmethod 11031 0x000001c6302c4490 code [0x000001c6302c46c0, 0x000001c6302c4fc8]
Event: 64.155 Thread 0x000001c645619000 11033       1       com.android.tools.r8.graph.V::O (5 bytes)
Event: 64.156 Thread 0x000001c645619000 nmethod 11033 0x000001c63667e910 code [0x000001c63667eac0, 0x000001c63667eb78]
Event: 64.156 Thread 0x000001c645619000 11034       1       com.android.tools.r8.internal.jw::b (2 bytes)
Event: 64.156 Thread 0x000001c645619000 nmethod 11034 0x000001c63667ec10 code [0x000001c63667edc0, 0x000001c63667ee78]
Event: 64.233 Thread 0x000001c645619000 11036   !   3       com.android.tools.r8.graph.c0::toString (17 bytes)
Event: 64.233 Thread 0x000001c645619000 nmethod 11036 0x000001c6302c5310 code [0x000001c6302c5520, 0x000001c6302c5a18]
Event: 64.234 Thread 0x000001c645619000 11038       3       com.android.tools.r8.naming.K$b::c (5 bytes)
Event: 64.234 Thread 0x000001c645619000 nmethod 11038 0x000001c6302c5c90 code [0x000001c6302c5e40, 0x000001c6302c5f38]
Event: 64.235 Thread 0x000001c645619000 11039       3       java.util.Comparators$NaturalOrderComparator::compare (13 bytes)
Event: 64.235 Thread 0x000001c645619000 nmethod 11039 0x000001c6302c6010 code [0x000001c6302c61e0, 0x000001c6302c6608]
Event: 64.235 Thread 0x000001c645619000 11040       3       java.util.Comparators$NaturalOrderComparator::compare (8 bytes)
Event: 64.236 Thread 0x000001c645619000 nmethod 11040 0x000001c6302c6710 code [0x000001c6302c68c0, 0x000001c6302c6a88]
Event: 64.237 Thread 0x000001c645619000 11041       1       com.android.tools.r8.BackportedMethodListCommand::c (5 bytes)
Event: 64.237 Thread 0x000001c645619000 nmethod 11041 0x000001c63667ef10 code [0x000001c63667f0c0, 0x000001c63667f178]
Event: 64.237 Thread 0x000001c645619000 11042       1       com.android.tools.r8.BackportedMethodListCommand::getBackportedMethodListConsumer (5 bytes)
Event: 64.237 Thread 0x000001c645619000 nmethod 11042 0x000001c63667f210 code [0x000001c63667f3c0, 0x000001c63667f478]

GC Heap History (20 events):
Event: 45.228 GC heap before
{Heap before GC invocations=98 (full 0):
 garbage-first heap   total 147456K, used 111448K [0x0000000080000000, 0x0000000100000000)
  region size 1024K, 31 young (31744K), 4 survivors (4096K)
 Metaspace       used 73824K, capacity 75829K, committed 76032K, reserved 1116160K
  class space    used 9559K, capacity 10205K, committed 10240K, reserved 1048576K
}
Event: 45.257 GC heap after
{Heap after GC invocations=99 (full 0):
 garbage-first heap   total 147456K, used 85635K [0x0000000080000000, 0x0000000100000000)
  region size 1024K, 2 young (2048K), 2 survivors (2048K)
 Metaspace       used 73824K, capacity 75829K, committed 76032K, reserved 1116160K
  class space    used 9559K, capacity 10205K, committed 10240K, reserved 1048576K
}
Event: 47.497 GC heap before
{Heap before GC invocations=100 (full 0):
 garbage-first heap   total 147456K, used 114307K [0x0000000080000000, 0x0000000100000000)
  region size 1024K, 30 young (30720K), 2 survivors (2048K)
 Metaspace       used 76575K, capacity 78525K, committed 78848K, reserved 1118208K
  class space    used 9963K, capacity 10649K, committed 10752K, reserved 1048576K
}
Event: 47.602 GC heap after
{Heap after GC invocations=101 (full 0):
 garbage-first heap   total 187392K, used 87077K [0x0000000080000000, 0x0000000100000000)
  region size 1024K, 4 young (4096K), 4 survivors (4096K)
 Metaspace       used 76575K, capacity 78525K, committed 78848K, reserved 1118208K
  class space    used 9963K, capacity 10649K, committed 10752K, reserved 1048576K
}
Event: 48.090 GC heap before
{Heap before GC invocations=101 (full 0):
 garbage-first heap   total 187392K, used 92197K [0x0000000080000000, 0x0000000100000000)
  region size 1024K, 10 young (10240K), 4 survivors (4096K)
 Metaspace       used 77427K, capacity 79491K, committed 79744K, reserved 1118208K
  class space    used 10064K, capacity 10778K, committed 10880K, reserved 1048576K
}
Event: 48.100 GC heap after
{Heap after GC invocations=102 (full 0):
 garbage-first heap   total 187392K, used 87358K [0x0000000080000000, 0x0000000100000000)
  region size 1024K, 2 young (2048K), 2 survivors (2048K)
 Metaspace       used 77427K, capacity 79491K, committed 79744K, reserved 1118208K
  class space    used 10064K, capacity 10778K, committed 10880K, reserved 1048576K
}
Event: 51.042 GC heap before
{Heap before GC invocations=103 (full 0):
 garbage-first heap   total 187392K, used 136510K [0x0000000080000000, 0x0000000100000000)
  region size 1024K, 41 young (41984K), 2 survivors (2048K)
 Metaspace       used 79453K, capacity 81574K, committed 81792K, reserved 1120256K
  class space    used 10317K, capacity 11061K, committed 11136K, reserved 1048576K
}
Event: 51.057 GC heap after
{Heap after GC invocations=104 (full 0):
 garbage-first heap   total 187392K, used 101733K [0x0000000080000000, 0x0000000100000000)
  region size 1024K, 6 young (6144K), 6 survivors (6144K)
 Metaspace       used 79453K, capacity 81574K, committed 81792K, reserved 1120256K
  class space    used 10317K, capacity 11061K, committed 11136K, reserved 1048576K
}
Event: 51.996 GC heap before
{Heap before GC invocations=104 (full 0):
 garbage-first heap   total 187392K, used 107877K [0x0000000080000000, 0x0000000100000000)
  region size 1024K, 13 young (13312K), 6 survivors (6144K)
 Metaspace       used 80436K, capacity 82585K, committed 82944K, reserved 1120256K
  class space    used 10423K, capacity 11160K, committed 11264K, reserved 1048576K
}
Event: 52.068 GC heap after
{Heap after GC invocations=105 (full 0):
 garbage-first heap   total 187392K, used 102912K [0x0000000080000000, 0x0000000100000000)
  region size 1024K, 2 young (2048K), 2 survivors (2048K)
 Metaspace       used 80436K, capacity 82585K, committed 82944K, reserved 1120256K
  class space    used 10423K, capacity 11160K, committed 11264K, reserved 1048576K
}
Event: 54.453 GC heap before
{Heap before GC invocations=106 (full 0):
 garbage-first heap   total 187392K, used 134656K [0x0000000080000000, 0x0000000100000000)
  region size 1024K, 32 young (32768K), 2 survivors (2048K)
 Metaspace       used 84150K, capacity 86321K, committed 86400K, reserved 1124352K
  class space    used 10881K, capacity 11616K, committed 11648K, reserved 1048576K
}
Event: 54.461 GC heap after
{Heap after GC invocations=107 (full 0):
 garbage-first heap   total 187392K, used 102767K [0x0000000080000000, 0x0000000100000000)
  region size 1024K, 2 young (2048K), 2 survivors (2048K)
 Metaspace       used 84150K, capacity 86321K, committed 86400K, reserved 1124352K
  class space    used 10881K, capacity 11616K, committed 11648K, reserved 1048576K
}
Event: 56.558 GC heap before
{Heap before GC invocations=107 (full 0):
 garbage-first heap   total 187392K, used 136559K [0x0000000080000000, 0x0000000100000000)
  region size 1024K, 35 young (35840K), 2 survivors (2048K)
 Metaspace       used 88875K, capacity 91097K, committed 91392K, reserved 1128448K
  class space    used 11447K, capacity 12210K, committed 12288K, reserved 1048576K
}
Event: 56.567 GC heap after
{Heap after GC invocations=108 (full 0):
 garbage-first heap   total 187392K, used 105033K [0x0000000080000000, 0x0000000100000000)
  region size 1024K, 4 young (4096K), 4 survivors (4096K)
 Metaspace       used 88875K, capacity 91097K, committed 91392K, reserved 1128448K
  class space    used 11447K, capacity 12210K, committed 12288K, reserved 1048576K
}
Event: 60.136 GC heap before
{Heap before GC invocations=109 (full 0):
 garbage-first heap   total 187392K, used 140873K [0x0000000080000000, 0x0000000100000000)
  region size 1024K, 39 young (39936K), 4 survivors (4096K)
 Metaspace       used 91464K, capacity 93881K, committed 94208K, reserved 1130496K
  class space    used 11820K, capacity 12680K, committed 12800K, reserved 1048576K
}
Event: 60.168 GC heap after
{Heap after GC invocations=110 (full 0):
 garbage-first heap   total 187392K, used 106987K [0x0000000080000000, 0x0000000100000000)
  region size 1024K, 5 young (5120K), 5 survivors (5120K)
 Metaspace       used 91464K, capacity 93881K, committed 94208K, reserved 1130496K
  class space    used 11820K, capacity 12680K, committed 12800K, reserved 1048576K
}
Event: 61.723 GC heap before
{Heap before GC invocations=110 (full 0):
 garbage-first heap   total 187392K, used 142827K [0x0000000080000000, 0x0000000100000000)
  region size 1024K, 41 young (41984K), 5 survivors (5120K)
 Metaspace       used 91896K, capacity 94391K, committed 94464K, reserved 1130496K
  class space    used 11834K, capacity 12729K, committed 12800K, reserved 1048576K
}
Event: 61.758 GC heap after
{Heap after GC invocations=111 (full 0):
 garbage-first heap   total 187392K, used 109260K [0x0000000080000000, 0x0000000100000000)
  region size 1024K, 5 young (5120K), 5 survivors (5120K)
 Metaspace       used 91896K, capacity 94391K, committed 94464K, reserved 1130496K
  class space    used 11834K, capacity 12729K, committed 12800K, reserved 1048576K
}
Event: 64.200 GC heap before
{Heap before GC invocations=112 (full 0):
 garbage-first heap   total 187392K, used 146124K [0x0000000080000000, 0x0000000100000000)
  region size 1024K, 42 young (43008K), 5 survivors (5120K)
 Metaspace       used 95754K, capacity 98329K, committed 98688K, reserved 1134592K
  class space    used 12348K, capacity 13318K, committed 13440K, reserved 1048576K
}
Event: 64.225 GC heap after
{Heap after GC invocations=113 (full 0):
 garbage-first heap   total 271360K, used 110749K [0x0000000080000000, 0x0000000100000000)
  region size 1024K, 4 young (4096K), 4 survivors (4096K)
 Metaspace       used 95754K, capacity 98329K, committed 98688K, reserved 1134592K
  class space    used 12348K, capacity 13318K, committed 13440K, reserved 1048576K
}

Deoptimization events (20 events):
Event: 63.272 Thread 0x000001c645af1000 DEOPT PACKING pc=0x000001c6363ce108 sp=0x0000005f099f9eb0
Event: 63.272 Thread 0x000001c645af1000 DEOPT UNPACKING pc=0x000001c62e5883af sp=0x0000005f099f9d00 mode 2
Event: 63.343 Thread 0x000001c645af1000 Uncommon trap: trap_request=0xffffff4d fr.pc=0x000001c636070dc4 relative=0x00000000000008e4
Event: 63.343 Thread 0x000001c645af1000 Uncommon trap: reason=unstable_if action=reinterpret pc=0x000001c636070dc4 method=java.util.zip.ZipFile$Source.getEntryPos([BZ)I @ 105 c2
Event: 63.343 Thread 0x000001c645af1000 DEOPT PACKING pc=0x000001c636070dc4 sp=0x0000005f099f44e0
Event: 63.343 Thread 0x000001c645af1000 DEOPT UNPACKING pc=0x000001c62e5883af sp=0x0000005f099f4480 mode 2
Event: 63.509 Thread 0x000001c645af1000 Uncommon trap: trap_request=0xffffff4d fr.pc=0x000001c6365ed7e8 relative=0x0000000000000188
Event: 63.509 Thread 0x000001c645af1000 Uncommon trap: reason=unstable_if action=reinterpret pc=0x000001c6365ed7e8 method=com.google.common.collect.MapMakerInternalMap$Segment.getEntry(Ljava/lang/Object;I)Lcom/google/common/collect/MapMakerInternalMap$InternalEntry; @ 63 c2
Event: 63.509 Thread 0x000001c645af1000 DEOPT PACKING pc=0x000001c6365ed7e8 sp=0x0000005f099f18a0
Event: 63.509 Thread 0x000001c645af1000 DEOPT UNPACKING pc=0x000001c62e5883af sp=0x0000005f099f1858 mode 2
Event: 63.509 Thread 0x000001c645af1000 Uncommon trap: trap_request=0xffffff4d fr.pc=0x000001c6365f06f4 relative=0x0000000000001a34
Event: 63.509 Thread 0x000001c645af1000 Uncommon trap: reason=unstable_if action=reinterpret pc=0x000001c6365f06f4 method=com.google.common.collect.MapMakerInternalMap$Segment.put(Ljava/lang/Object;ILjava/lang/Object;Z)Ljava/lang/Object; @ 92 c2
Event: 63.509 Thread 0x000001c645af1000 DEOPT PACKING pc=0x000001c6365f06f4 sp=0x0000005f099f18d0
Event: 63.509 Thread 0x000001c645af1000 DEOPT UNPACKING pc=0x000001c62e5883af sp=0x0000005f099f1888 mode 2
Event: 63.602 Thread 0x000001c645af1000 DEOPT PACKING pc=0x000001c63012fa55 sp=0x0000005f099f93d0
Event: 63.602 Thread 0x000001c645af1000 DEOPT UNPACKING pc=0x000001c62e5a7c0e sp=0x0000005f099f88f0 mode 0
Event: 63.687 Thread 0x000001c645af1000 Uncommon trap: trap_request=0xffffff4d fr.pc=0x000001c636385d2c relative=0x000000000000038c
Event: 63.687 Thread 0x000001c645af1000 Uncommon trap: reason=unstable_if action=reinterpret pc=0x000001c636385d2c method=java.util.stream.StreamOpFlag.getMask(I)I @ 1 c2
Event: 63.687 Thread 0x000001c645af1000 DEOPT PACKING pc=0x000001c636385d2c sp=0x0000005f099f9810
Event: 63.687 Thread 0x000001c645af1000 DEOPT UNPACKING pc=0x000001c62e5883af sp=0x0000005f099f9700 mode 2

Classes redefined (0 events):
No events

Internal exceptions (20 events):
Event: 54.181 Thread 0x000001c645af1000 Exception <a 'java/lang/NullPointerException'{0x0000000089c0e048}> (0x0000000089c0e048) thrown at [./src/hotspot/share/interpreter/linkResolver.cpp, line 1440]
Event: 54.476 Thread 0x000001c645af1000 Implicit null exception at 0x000001c6364df88d to 0x000001c6364dffa8
Event: 55.413 Thread 0x000001c645af1000 Exception <a 'java/lang/NoSuchMethodError'{0x000000008aed0ea0}: 'int java.lang.invoke.DirectMethodHandle$Holder.invokeStatic(java.lang.Object, java.lang.Object, int, java.lang.Object)'> (0x000000008aed0ea0) thrown at [./src/hotspot/share/interpreter/linkResolver.cpp, line 773]
Event: 55.564 Thread 0x000001c645af1000 Exception <a 'sun/nio/fs/WindowsException'{0x000000008ac022c0}> (0x000000008ac022c0) thrown at [./src/hotspot/share/prims/jni.cpp, line 615]
Event: 55.566 Thread 0x000001c645af1000 Exception <a 'sun/nio/fs/WindowsException'{0x000000008ac03638}> (0x000000008ac03638) thrown at [./src/hotspot/share/prims/jni.cpp, line 615]
Event: 55.566 Thread 0x000001c645af1000 Exception <a 'sun/nio/fs/WindowsException'{0x000000008ac04a00}> (0x000000008ac04a00) thrown at [./src/hotspot/share/prims/jni.cpp, line 615]
Event: 55.566 Thread 0x000001c645af1000 Exception <a 'sun/nio/fs/WindowsException'{0x000000008ac05dc8}> (0x000000008ac05dc8) thrown at [./src/hotspot/share/prims/jni.cpp, line 615]
Event: 56.403 Thread 0x000001c645af1000 Exception <a 'java/lang/reflect/InvocationTargetException'{0x0000000089b75d78}> (0x0000000089b75d78) thrown at [./src/hotspot/share/runtime/reflection.cpp, line 1247]
Event: 56.580 Thread 0x000001c645af1000 Implicit null exception at 0x000001c636565c25 to 0x000001c6365687d0
Event: 59.950 Thread 0x000001c649c8e800 Exception <a 'java/lang/NoSuchMethodError'{0x000000008980d5e8}: 'java.lang.Object java.lang.invoke.DirectMethodHandle$Holder.invokeSpecialIFC(java.lang.Object, java.lang.Object, java.lang.Object)'> (0x000000008980d5e8) thrown at [./src/hotspot/share/interpreter/linkResolver.cpp, line 773]
Event: 59.950 Thread 0x000001c649c8d800 Exception <a 'java/lang/NoSuchMethodError'{0x0000000089822430}: 'java.lang.Object java.lang.invoke.DirectMethodHandle$Holder.invokeSpecialIFC(java.lang.Object, java.lang.Object, java.lang.Object)'> (0x0000000089822430) thrown at [./src/hotspot/share/interpreter/linkResolver.cpp, line 773]
Event: 59.951 Thread 0x000001c645af1000 Exception <a 'java/lang/NoSuchMethodError'{0x0000000089975238}: 'java.lang.Object java.lang.invoke.DirectMethodHandle$Holder.invokeSpecialIFC(java.lang.Object, java.lang.Object, java.lang.Object)'> (0x0000000089975238) thrown at [./src/hotspot/share/interpreter/linkResolver.cpp, line 773]
Event: 60.098 Thread 0x000001c649c8e800 Exception <a 'java/lang/NoSuchMethodError'{0x00000000895a82f8}: 'int java.lang.invoke.DirectMethodHandle$Holder.invokeStaticInit(java.lang.Object, java.lang.Object, java.lang.Object, java.lang.Object, java.lang.Object)'> (0x00000000895a82f8) thrown at [./src/hotspot/share/interpreter/linkResolver.cpp, line 773]
Event: 60.171 Thread 0x000001c649c91000 Implicit null exception at 0x000001c6365e5894 to 0x000001c6365e6c70
Event: 62.922 Thread 0x000001c645af1000 Exception <a 'java/lang/NoSuchMethodError'{0x000000008a492c18}: 'int java.lang.invoke.DirectMethodHandle$Holder.invokeSpecialIFC(java.lang.Object, java.lang.Object, java.lang.Object)'> (0x000000008a492c18) thrown at [./src/hotspot/share/interpreter/linkResolver.cpp, line 773]
Event: 63.213 Thread 0x000001c645af1000 Exception <a 'java/lang/NoSuchMethodError'{0x0000000089f57e40}: 'void java.lang.invoke.DirectMethodHandle$Holder.invokeStatic(java.lang.Object, int, java.lang.Object)'> (0x0000000089f57e40) thrown at [./src/hotspot/share/interpreter/linkResolver.cpp, line 773]
Event: 63.788 Thread 0x000001c645af1000 Exception <a 'java/lang/NoSuchMethodError'{0x00000000897f55a0}: 'java.lang.Object java.lang.invoke.DirectMethodHandle$Holder.invokeStatic(java.lang.Object, java.lang.Object, java.lang.Object, java.lang.Object, java.lang.Object, java.lang.Object, java.lang.Object, java.lang.Object, java.lang.Object, java.lang.Object, java.lang.Object, java.lang.Object, java.lang.Object, java.lang.Object, java.lang.Object, java.lang.Object, java.lang.Object, java.lang.Object, int, java.lang.Object)'> (0x00000000897f55a0) thr
Event: 63.789 Thread 0x000001c645af1000 Exception <a 'java/lang/NoSuchMethodError'{0x00000000897fb8d0}: 'java.lang.Object java.lang.invoke.DirectMethodHandle$Holder.invokeStaticInit(java.lang.Object, java.lang.Object, java.lang.Object, java.lang.Object, java.lang.Object, java.lang.Object, java.lang.Object, java.lang.Object, java.lang.Object, java.lang.Object, java.lang.Object, java.lang.Object, java.lang.Object, java.lang.Object, java.lang.Object, java.lang.Object, java.lang.Object, java.lang.Object, int, java.lang.Object)'> (0x00000000897fb8d0)
Event: 63.907 Thread 0x000001c645af1000 Exception <a 'java/lang/NoSuchMethodError'{0x00000000895f3f80}: 'int java.lang.invoke.DirectMethodHandle$Holder.invokeVirtual(java.lang.Object, java.lang.Object, java.lang.Object, java.lang.Object)'> (0x00000000895f3f80) thrown at [./src/hotspot/share/interpreter/linkResolver.cpp, line 773]
Event: 64.153 Thread 0x000001c645af1000 Exception <a 'java/lang/NoSuchMethodError'{0x0000000088f7d550}: 'java.lang.Object java.lang.invoke.DirectMethodHandle$Holder.invokeStatic(java.lang.Object, int, java.lang.Object, java.lang.Object)'> (0x0000000088f7d550) thrown at [./src/hotspot/share/interpreter/linkResolver.cpp, line 773]

Events (20 events):
Event: 64.198 loading class com/android/tools/r8/internal/ka
Event: 64.198 loading class com/android/tools/r8/internal/ka done
Event: 64.198 loading class com/android/tools/r8/internal/uf
Event: 64.198 loading class com/android/tools/r8/internal/uf done
Event: 64.199 loading class com/android/tools/r8/graph/X
Event: 64.199 loading class com/android/tools/r8/graph/X done
Event: 64.199 loading class com/android/tools/r8/graph/X
Event: 64.199 loading class com/android/tools/r8/graph/X done
Event: 64.200 loading class com/android/tools/r8/BackportedMethodListCommand
Event: 64.200 loading class com/android/tools/r8/BackportedMethodListCommand done
Event: 64.200 loading class com/android/tools/r8/BackportedMethodListCommand
Event: 64.200 loading class com/android/tools/r8/BackportedMethodListCommand done
Event: 64.200 loading class java/util/stream/SortedOps$SizedRefSortingSink
Event: 64.200 loading class java/util/stream/SortedOps$SizedRefSortingSink done
Event: 64.200 loading class com/android/tools/r8/naming/K
Event: 64.200 loading class com/android/tools/r8/naming/K done
Event: 64.200 Executing VM operation: G1CollectForAllocation
Event: 64.226 Executing VM operation: G1CollectForAllocation done
Event: 64.229 loading class com/android/tools/r8/naming/K$b
Event: 64.229 loading class com/android/tools/r8/naming/K$b done


Dynamic libraries:
0x00007ff67bd00000 - 0x00007ff67bd0a000 	C:\Program Files\Android\Android Studio\jre\bin\java.exe
0x00007ffb2cf50000 - 0x00007ffb2d145000 	C:\windows\SYSTEM32\ntdll.dll
0x00007ffae25f0000 - 0x00007ffae2606000 	C:\Program Files\Avast Software\Avast\aswhook.dll
0x00007ffb2bb50000 - 0x00007ffb2bc0e000 	C:\windows\System32\KERNEL32.DLL
0x00007ffb2a7e0000 - 0x00007ffb2aaa8000 	C:\windows\System32\KERNELBASE.dll
0x00007ffb2abb0000 - 0x00007ffb2acb0000 	C:\windows\System32\ucrtbase.dll
0x00007ffb196d0000 - 0x00007ffb196e7000 	C:\Program Files\Android\Android Studio\jre\bin\VCRUNTIME140.dll
0x00007ffad3e30000 - 0x00007ffad3e49000 	C:\Program Files\Android\Android Studio\jre\bin\jli.dll
0x00007ffb2b780000 - 0x00007ffb2b920000 	C:\windows\System32\USER32.dll
0x00007ffb2a710000 - 0x00007ffb2a732000 	C:\windows\System32\win32u.dll
0x00007ffb2c9f0000 - 0x00007ffb2ca1b000 	C:\windows\System32\GDI32.dll
0x00007ffb2ae90000 - 0x00007ffb2af9d000 	C:\windows\System32\gdi32full.dll
0x00007ffb2a740000 - 0x00007ffb2a7dd000 	C:\windows\System32\msvcp_win.dll
0x00007ffb040c0000 - 0x00007ffb0435a000 	C:\windows\WinSxS\amd64_microsoft.windows.common-controls_6595b64144ccf1df_6.0.19041.1110_none_60b5254171f9507e\COMCTL32.dll
0x00007ffb2bcf0000 - 0x00007ffb2bd8e000 	C:\windows\System32\msvcrt.dll
0x00007ffb2b6e0000 - 0x00007ffb2b710000 	C:\windows\System32\IMM32.DLL
0x00007ffacdff0000 - 0x00007fface08d000 	C:\Program Files\Android\Android Studio\jre\bin\msvcp140.dll
0x00007ffa9ab20000 - 0x00007ffa9b5f5000 	C:\Program Files\Android\Android Studio\jre\bin\server\jvm.dll
0x00007ffb2baa0000 - 0x00007ffb2bb4e000 	C:\windows\System32\ADVAPI32.dll
0x00007ffb2b000000 - 0x00007ffb2b09c000 	C:\windows\System32\sechost.dll
0x00007ffb2ca20000 - 0x00007ffb2cb45000 	C:\windows\System32\RPCRT4.dll
0x00007ffb11ae0000 - 0x00007ffb11ae9000 	C:\windows\SYSTEM32\WSOCK32.dll
0x00007ffb2b710000 - 0x00007ffb2b77b000 	C:\windows\System32\WS2_32.dll
0x00007ffb047b0000 - 0x00007ffb047d7000 	C:\windows\SYSTEM32\WINMM.dll
0x00007ffb231b0000 - 0x00007ffb231ba000 	C:\windows\SYSTEM32\VERSION.dll
0x00007ffb2b300000 - 0x00007ffb2b308000 	C:\windows\System32\PSAPI.DLL
0x00007ffb28ea0000 - 0x00007ffb28eb2000 	C:\windows\SYSTEM32\kernel.appcore.dll
0x00007ffb15ac0000 - 0x00007ffb15ad1000 	C:\Program Files\Android\Android Studio\jre\bin\verify.dll
0x00007ffb28410000 - 0x00007ffb285f4000 	C:\windows\SYSTEM32\DBGHELP.DLL
0x00007ffb15520000 - 0x00007ffb1554c000 	C:\windows\SYSTEM32\dbgcore.DLL
0x00007ffb2aab0000 - 0x00007ffb2ab32000 	C:\windows\System32\bcryptPrimitives.dll
0x00007ffad4150000 - 0x00007ffad4179000 	C:\Program Files\Android\Android Studio\jre\bin\java.dll
0x00007ffb18810000 - 0x00007ffb1881b000 	C:\Program Files\Android\Android Studio\jre\bin\jimage.dll
0x00007ffafc110000 - 0x00007ffafc128000 	C:\Program Files\Android\Android Studio\jre\bin\zip.dll
0x00007ffb2bd90000 - 0x00007ffb2c4d4000 	C:\windows\System32\SHELL32.dll
0x00007ffb28600000 - 0x00007ffb28d94000 	C:\windows\SYSTEM32\windows.storage.dll
0x00007ffb2cb50000 - 0x00007ffb2cea5000 	C:\windows\System32\combase.dll
0x00007ffb29fe0000 - 0x00007ffb2a00e000 	C:\windows\SYSTEM32\Wldp.dll
0x00007ffb2b920000 - 0x00007ffb2b9cd000 	C:\windows\System32\SHCORE.dll
0x00007ffb2afa0000 - 0x00007ffb2aff5000 	C:\windows\System32\shlwapi.dll
0x00007ffb2a5a0000 - 0x00007ffb2a5bf000 	C:\windows\SYSTEM32\profapi.dll
0x00007ffade0a0000 - 0x00007ffade0ba000 	C:\Program Files\Android\Android Studio\jre\bin\net.dll
0x00007ffb20c20000 - 0x00007ffb20d2c000 	C:\windows\SYSTEM32\WINHTTP.dll
0x00007ffb29cf0000 - 0x00007ffb29d5a000 	C:\windows\system32\mswsock.dll
0x00007ffad4130000 - 0x00007ffad4144000 	C:\Program Files\Android\Android Studio\jre\bin\nio.dll
0x00007ffad7090000 - 0x00007ffad70b7000 	C:\Users\serge\.gradle\native\8bec1ad78214c89d9ad589b4d07fe93259594b29d510b10fafb7a158f7737e5d\windows-amd64\native-platform.dll
0x00007ffad65a0000 - 0x00007ffad66dd000 	C:\Users\serge\.gradle\native\53dbd7edfb1c66fb8903c78663c9afc45aea4f116125fa6feffd364cf09443e8\windows-amd64\native-platform-file-events.dll
0x00007ffb15bb0000 - 0x00007ffb15bba000 	C:\Program Files\Android\Android Studio\jre\bin\management.dll
0x00007ffafc050000 - 0x00007ffafc05d000 	C:\Program Files\Android\Android Studio\jre\bin\management_ext.dll
0x00007ffb29eb0000 - 0x00007ffb29ec8000 	C:\windows\SYSTEM32\CRYPTSP.dll
0x00007ffb29680000 - 0x00007ffb296b4000 	C:\windows\system32\rsaenh.dll
0x00007ffb2ae10000 - 0x00007ffb2ae37000 	C:\windows\System32\bcrypt.dll
0x00007ffb2a520000 - 0x00007ffb2a54e000 	C:\windows\SYSTEM32\USERENV.dll
0x00007ffb29ed0000 - 0x00007ffb29edc000 	C:\windows\SYSTEM32\CRYPTBASE.dll
0x00007ffb299f0000 - 0x00007ffb29a2b000 	C:\windows\SYSTEM32\IPHLPAPI.DLL
0x00007ffb2b310000 - 0x00007ffb2b318000 	C:\windows\System32\NSI.dll
0x00007ffb20eb0000 - 0x00007ffb20ec7000 	C:\windows\SYSTEM32\dhcpcsvc6.DLL
0x00007ffb207b0000 - 0x00007ffb207cd000 	C:\windows\SYSTEM32\dhcpcsvc.DLL
0x00007ffb29a30000 - 0x00007ffb29afb000 	C:\windows\SYSTEM32\DNSAPI.dll

dbghelp: loaded successfully - version: 4.0.5 - missing functions: none
symbol engine: initialized successfully - sym options: 0x614 - pdb path: .;C:\Program Files\Android\Android Studio\jre\bin;C:\windows\SYSTEM32;C:\Program Files\Avast Software\Avast;C:\windows\WinSxS\amd64_microsoft.windows.common-controls_6595b64144ccf1df_6.0.19041.1110_none_60b5254171f9507e;C:\Program Files\Android\Android Studio\jre\bin\server;C:\Users\serge\.gradle\native\8bec1ad78214c89d9ad589b4d07fe93259594b29d510b10fafb7a158f7737e5d\windows-amd64;C:\Users\serge\.gradle\native\53dbd7edfb1c66fb8903c78663c9afc45aea4f116125fa6feffd364cf09443e8\windows-amd64

VM Arguments:
jvm_args: --add-opens=java.base/java.util=ALL-UNNAMED --add-opens=java.base/java.lang=ALL-UNNAMED --add-opens=java.base/java.lang.invoke=ALL-UNNAMED --add-opens=java.base/java.util=ALL-UNNAMED --add-opens=java.prefs/java.util.prefs=ALL-UNNAMED --add-opens=java.prefs/java.util.prefs=ALL-UNNAMED --add-opens=java.base/java.nio.charset=ALL-UNNAMED --add-opens=java.base/java.net=ALL-UNNAMED --add-opens=java.base/java.util.concurrent.atomic=ALL-UNNAMED -Xmx2048m -Dfile.encoding=UTF-8 -Duser.country=PT -Duser.language=pt -Duser.variant 
java_command: org.gradle.launcher.daemon.bootstrap.GradleDaemon 7.0.2
java_class_path (initial): C:\Users\serge\.gradle\wrapper\dists\gradle-7.0.2-bin\857tjihv64xamwrf0h14cai3r\gradle-7.0.2\lib\gradle-launcher-7.0.2.jar
Launcher Type: SUN_STANDARD

[Global flags]
     intx CICompilerCount                          = 3                                         {product} {ergonomic}
     uint ConcGCThreads                            = 1                                         {product} {ergonomic}
     uint G1ConcRefinementThreads                  = 4                                         {product} {ergonomic}
   size_t G1HeapRegionSize                         = 1048576                                   {product} {ergonomic}
    uintx GCDrainStackTargetSize                   = 64                                        {product} {ergonomic}
   size_t InitialHeapSize                          = 62914560                                  {product} {ergonomic}
   size_t MarkStackSize                            = 4194304                                   {product} {ergonomic}
   size_t MaxHeapSize                              = 2147483648                                {product} {command line}
   size_t MaxNewSize                               = 1287651328                                {product} {ergonomic}
   size_t MinHeapDeltaBytes                        = 1048576                                   {product} {ergonomic}
    uintx NonNMethodCodeHeapSize                   = 5830732                                {pd product} {ergonomic}
    uintx NonProfiledCodeHeapSize                  = 122913754                              {pd product} {ergonomic}
    uintx ProfiledCodeHeapSize                     = 122913754                              {pd product} {ergonomic}
    uintx ReservedCodeCacheSize                    = 251658240                              {pd product} {ergonomic}
     bool SegmentedCodeCache                       = true                                      {product} {ergonomic}
     bool UseCompressedClassPointers               = true                                 {lp64_product} {ergonomic}
     bool UseCompressedOops                        = true                                 {lp64_product} {ergonomic}
     bool UseG1GC                                  = true                                      {product} {ergonomic}
     bool UseLargePagesIndividualAllocation        = false                                  {pd product} {ergonomic}

Logging:
Log output configuration:
 #0: stdout all=warning uptime,level,tags
 #1: stderr all=off uptime,level,tags

Environment Variables:
PATH=C:\Program Files (x86)\NVIDIA Corporation\PhysX\Common;C:\Program Files (x86)\Common Files\Oracle\Java\javapath;C:\Program Files (x86)\Cuminas\Document Express DjVu Plug-in\;C:\windows\system32;C:\windows;C:\windows\System32\Wbem;C:\windows\System32\WindowsPowerShell\v1.0\;C:\windows\System32\OpenSSH\;C:\Program Files\dotnet\;C:\Program Files (x86)\IDEMIA\AWP\Dlls;C:\Program Files\IDEMIA\AWP\Dlls;C:\Program Files (x86)\Microsoft SQL Server\150\DTS\Binn\;C:\Program Files\Azure Data Studio\bin;C:\Program Files\Microsoft SQL Server\Client SDK\ODBC\170\Tools\Binn\;C:\Program Files (x86)\Microsoft SQL Server\150\Tools\Binn\;C:\Program Files\Microsoft SQL Server\150\Tools\Binn\;C:\Program Files\Microsoft SQL Server\150\DTS\Binn\;C:\Program Files\Microsoft SQL Server\130\Tools\Binn\;C:\Program Files\Git\cmd;C:\Program Files\Docker\Docker\resources\bin;C:\ProgramData\DockerDesktop\version-bin;C:\Users\serge\AppData\Local\Microsoft\WindowsApps;;C:\Users\serge\AppData\Local\Programs\Microsoft VS Code\bin;C:\Users\serge\.dotnet\tools;C:\Program Files\Azure Data Studio\bin
USERNAME=serge
OS=Windows_NT
PROCESSOR_IDENTIFIER=Intel64 Family 6 Model 126 Stepping 5, GenuineIntel



---------------  S Y S T E M  ---------------

OS: Windows 10 , 64 bit Build 19041 (10.0.19041.1503)
OS uptime: 0 days 0:11 hours
Hyper-V role detected

CPU:total 4 (initial active 4) (2 cores per cpu, 2 threads per core) family 6 model 126 stepping 5 microcode 0xa6, cmov, cx8, fxsr, mmx, sse, sse2, sse3, ssse3, sse4.1, sse4.2, popcnt, avx, avx2, aes, clmul, erms, 3dnowpref, lzcnt, ht, tsc, tscinvbit, bmi1, bmi2, adx, evex, sha, fma

Memory: 4k page, system-wide physical 3785M (179M free)
TotalPageFile size 10293M (AvailPageFile size 5M)
current process WorkingSet (physical memory assigned to process): 304M, peak: 304M
current process commit charge ("private bytes"): 551M, peak: 552M

vm_info: OpenJDK 64-Bit Server VM (11.0.11+9-b60-7590822) for windows-amd64 JRE (11.0.11+9-b60-7590822), built on Jul 29 2021 21:43:44 by "builder" with MS VC++ 14.0 (VS2015)

END.
